0 verbose cli /usr/bin/node /usr/bin/npm
1 info using npm@9.2.0
2 info using node@v18.19.1
3 timing npm:load:whichnode Completed in 0ms
4 timing config:load:defaults Completed in 2ms
5 timing config:load:file:/usr/share/nodejs/npm/npmrc Completed in 2ms
6 timing config:load:builtin Completed in 2ms
7 timing config:load:cli Completed in 1ms
8 timing config:load:env Completed in 0ms
9 timing config:load:file:/root/ecommerce-app/backend/.npmrc Completed in 0ms
10 timing config:load:project Completed in 3ms
11 timing config:load:file:/root/.npmrc Completed in 0ms
12 timing config:load:user Completed in 0ms
13 timing config:load:file:/etc/npmrc Completed in 0ms
14 timing config:load:global Completed in 0ms
15 timing config:load:setEnvs Completed in 1ms
16 timing config:load Completed in 10ms
17 timing npm:load:configload Completed in 10ms
18 timing npm:load:mkdirpcache Completed in 1ms
19 timing npm:load:mkdirplogs Completed in 0ms
20 verbose title npm install
21 verbose argv "install"
22 timing npm:load:setTitle Completed in 1ms
23 timing config:load:flatten Completed in 5ms
24 timing npm:load:display Completed in 5ms
25 verbose logfile logs-max:10 dir:/root/.npm/_logs/2024-10-01T06_46_28_143Z-
26 verbose logfile /root/.npm/_logs/2024-10-01T06_46_28_143Z-debug-0.log
27 timing npm:load:logFile Completed in 12ms
28 timing npm:load:timers Completed in 0ms
29 timing npm:load:configScope Completed in 0ms
30 timing npm:load Completed in 29ms
31 silly logfile done cleaning log files
32 timing config:load:flatten Completed in 0ms
33 timing arborist:ctor Completed in 1ms
34 timing idealTree:init Completed in 93ms
35 timing idealTree:userRequests Completed in 0ms
36 silly idealTree buildDeps
37 timing idealTree:#root Completed in 0ms
38 timing idealTree:buildDeps Completed in 3ms
39 timing idealTree:fixDepFlags Completed in 0ms
40 timing idealTree Completed in 101ms
41 timing arborist:ctor Completed in 0ms
42 timing reify:loadTrees Completed in 146ms
43 timing reify:diffTrees Completed in 4ms
44 silly reify moves {}
45 timing reify:retireShallow Completed in 2ms
46 timing reify:createSparse Completed in 3ms
47 timing reify:loadBundles Completed in 0ms
48 silly audit bulk request {
48 silly audit   accepts: [ '1.3.8' ],
48 silly audit   anymatch: [ '3.1.3' ],
48 silly audit   'array-flatten': [ '1.1.1' ],
48 silly audit   'balanced-match': [ '1.0.2' ],
48 silly audit   'binary-extensions': [ '2.3.0' ],
48 silly audit   'body-parser': [ '1.20.3' ],
48 silly audit   'brace-expansion': [ '1.1.11' ],
48 silly audit   braces: [ '3.0.3' ],
48 silly audit   bytes: [ '3.1.2' ],
48 silly audit   'call-bind': [ '1.0.7' ],
48 silly audit   chokidar: [ '3.6.0' ],
48 silly audit   'concat-map': [ '0.0.1' ],
48 silly audit   'content-disposition': [ '0.5.4' ],
48 silly audit   'content-type': [ '1.0.5' ],
48 silly audit   cookie: [ '0.6.0' ],
48 silly audit   'cookie-signature': [ '1.0.6' ],
48 silly audit   debug: [ '2.6.9', '3.2.7' ],
48 silly audit   'define-data-property': [ '1.1.4' ],
48 silly audit   depd: [ '2.0.0' ],
48 silly audit   destroy: [ '1.2.0' ],
48 silly audit   'ee-first': [ '1.1.1' ],
48 silly audit   encodeurl: [ '2.0.0', '1.0.2' ],
48 silly audit   'es-define-property': [ '1.0.0' ],
48 silly audit   'es-errors': [ '1.3.0' ],
48 silly audit   'escape-html': [ '1.0.3' ],
48 silly audit   etag: [ '1.8.1' ],
48 silly audit   express: [ '4.21.0' ],
48 silly audit   'fill-range': [ '7.1.1' ],
48 silly audit   finalhandler: [ '1.3.1' ],
48 silly audit   forwarded: [ '0.2.0' ],
48 silly audit   fresh: [ '0.5.2' ],
48 silly audit   fsevents: [ '2.3.3' ],
48 silly audit   'function-bind': [ '1.1.2' ],
48 silly audit   'get-intrinsic': [ '1.2.4' ],
48 silly audit   'glob-parent': [ '5.1.2' ],
48 silly audit   gopd: [ '1.0.1' ],
48 silly audit   'has-flag': [ '3.0.0' ],
48 silly audit   'has-property-descriptors': [ '1.0.2' ],
48 silly audit   'has-proto': [ '1.0.3' ],
48 silly audit   'has-symbols': [ '1.0.3' ],
48 silly audit   hasown: [ '2.0.2' ],
48 silly audit   'http-errors': [ '2.0.0' ],
48 silly audit   'iconv-lite': [ '0.4.24' ],
48 silly audit   'ignore-by-default': [ '1.0.1' ],
48 silly audit   inherits: [ '2.0.4' ],
48 silly audit   'ipaddr.js': [ '1.9.1' ],
48 silly audit   'is-binary-path': [ '2.1.0' ],
48 silly audit   'is-extglob': [ '2.1.1' ],
48 silly audit   'is-glob': [ '4.0.3' ],
48 silly audit   'is-number': [ '7.0.0' ],
48 silly audit   'media-typer': [ '0.3.0' ],
48 silly audit   'merge-descriptors': [ '1.0.3' ],
48 silly audit   methods: [ '1.1.2' ],
48 silly audit   mime: [ '1.6.0' ],
48 silly audit   'mime-db': [ '1.52.0' ],
48 silly audit   'mime-types': [ '2.1.35' ],
48 silly audit   minimatch: [ '3.1.2' ],
48 silly audit   ms: [ '2.0.0', '2.1.3' ],
48 silly audit   negotiator: [ '0.6.3' ],
48 silly audit   nodemon: [ '2.0.22' ],
48 silly audit   'normalize-path': [ '3.0.0' ],
48 silly audit   'object-inspect': [ '1.13.2' ],
48 silly audit   'on-finished': [ '2.4.1' ],
48 silly audit   parseurl: [ '1.3.3' ],
48 silly audit   'path-to-regexp': [ '0.1.10' ],
48 silly audit   picomatch: [ '2.3.1' ],
48 silly audit   'proxy-addr': [ '2.0.7' ],
48 silly audit   'pstree.remy': [ '1.1.8' ],
48 silly audit   qs: [ '6.13.0' ],
48 silly audit   'range-parser': [ '1.2.1' ],
48 silly audit   'raw-body': [ '2.5.2' ],
48 silly audit   readdirp: [ '3.6.0' ],
48 silly audit   'safe-buffer': [ '5.2.1' ],
48 silly audit   'safer-buffer': [ '2.1.2' ],
48 silly audit   semver: [ '5.7.2', '7.0.0' ],
48 silly audit   send: [ '0.19.0' ],
48 silly audit   'serve-static': [ '1.16.2' ],
48 silly audit   'set-function-length': [ '1.2.2' ],
48 silly audit   setprototypeof: [ '1.2.0' ],
48 silly audit   'side-channel': [ '1.0.6' ],
48 silly audit   'simple-update-notifier': [ '1.1.0' ],
48 silly audit   statuses: [ '2.0.1' ],
48 silly audit   'supports-color': [ '5.5.0' ],
48 silly audit   'to-regex-range': [ '5.0.1' ],
48 silly audit   toidentifier: [ '1.0.1' ],
48 silly audit   touch: [ '3.1.1' ],
48 silly audit   'type-is': [ '1.6.18' ],
48 silly audit   undefsafe: [ '2.0.5' ],
48 silly audit   unpipe: [ '1.0.0' ],
48 silly audit   'utils-merge': [ '1.0.1' ],
48 silly audit   vary: [ '1.1.2' ]
48 silly audit }
49 verbose reify failed optional dependency /root/ecommerce-app/backend/node_modules/fsevents
50 silly reify mark deleted [ '/root/ecommerce-app/backend/node_modules/fsevents' ]
51 timing reifyNode:node_modules/fsevents Completed in 47ms
52 timing reify:unpack Completed in 47ms
53 timing reify:unretire Completed in 0ms
54 timing build:queue Completed in 6ms
55 timing build:deps Completed in 6ms
56 timing build Completed in 6ms
57 timing reify:build Completed in 6ms
58 timing reify:trash Completed in 2ms
59 timing reify:save Completed in 31ms
60 http fetch POST 200 https://registry.npmjs.org/-/npm/v1/security/advisories/bulk 203ms
61 timing auditReport:getReport Completed in 209ms
62 silly audit report {
62 silly audit report   semver: [
62 silly audit report     {
62 silly audit report       id: 1098562,
62 silly audit report       url: 'https://github.com/advisories/GHSA-c2qf-rxjj-qqgw',
62 silly audit report       title: 'semver vulnerable to Regular Expression Denial of Service',
62 silly audit report       severity: 'high',
62 silly audit report       vulnerable_versions: '>=7.0.0 <7.5.2',
62 silly audit report       cwe: [Array],
62 silly audit report       cvss: [Object]
62 silly audit report     }
62 silly audit report   ]
62 silly audit report }
63 timing metavuln:cache:get:security-advisory:semver:opCi/aWaSKqONMYnfnFEDkv8YHQsLRfA3enlX2IHlHYfFwv+CTH+ItWyYx1Vqalh3HK+Lk+xMxcq/HjPXMZwBQ== Completed in 4ms
64 http fetch GET 200 https://registry.npmjs.org/semver 45ms (cache miss)
65 timing metavuln:packument:semver Completed in 48ms
66 timing metavuln:load:security-advisory:semver:1098562 Completed in 4ms
67 timing metavuln:cache:put:security-advisory:semver:opCi/aWaSKqONMYnfnFEDkv8YHQsLRfA3enlX2IHlHYfFwv+CTH+ItWyYx1Vqalh3HK+Lk+xMxcq/HjPXMZwBQ== Completed in 3ms
68 timing metavuln:calculate:security-advisory:semver:1098562 Completed in 56ms
69 timing metavuln:cache:get:security-advisory:simple-update-notifier:VmVhQImG+QKVWnlNW5yp1zHUOx/ZRnbSImuBAMs3JcawiSqH/9EH24+HabREtz3rIxJpMx8t/03D1fhp2B5M3g== Completed in 0ms
70 http fetch GET 200 https://registry.npmjs.org/simple-update-notifier 29ms (cache miss)
71 timing metavuln:packument:simple-update-notifier Completed in 30ms
72 timing metavuln:load:security-advisory:simple-update-notifier:opCi/aWaSKqONMYnfnFEDkv8YHQsLRfA3enlX2IHlHYfFwv+CTH+ItWyYx1Vqalh3HK+Lk+xMxcq/HjPXMZwBQ== Completed in 3ms
73 timing metavuln:cache:put:security-advisory:simple-update-notifier:VmVhQImG+QKVWnlNW5yp1zHUOx/ZRnbSImuBAMs3JcawiSqH/9EH24+HabREtz3rIxJpMx8t/03D1fhp2B5M3g== Completed in 2ms
74 timing metavuln:calculate:security-advisory:simple-update-notifier:opCi/aWaSKqONMYnfnFEDkv8YHQsLRfA3enlX2IHlHYfFwv+CTH+ItWyYx1Vqalh3HK+Lk+xMxcq/HjPXMZwBQ== Completed in 35ms
75 timing metavuln:cache:get:security-advisory:nodemon:QLv4lSAXpjFCJWcxn62LXZBl2eGhPvRpDtR6QR8NeFbYMFAB6KJai0RLKmdAWEQtbhYMK4zPcknO4Sf0QOu7UQ== Completed in 1ms
76 http fetch GET 200 https://registry.npmjs.org/nodemon 29ms (cache miss)
77 timing metavuln:packument:nodemon Completed in 31ms
78 timing metavuln:load:security-advisory:nodemon:VmVhQImG+QKVWnlNW5yp1zHUOx/ZRnbSImuBAMs3JcawiSqH/9EH24+HabREtz3rIxJpMx8t/03D1fhp2B5M3g== Completed in 12ms
79 timing metavuln:cache:put:security-advisory:nodemon:QLv4lSAXpjFCJWcxn62LXZBl2eGhPvRpDtR6QR8NeFbYMFAB6KJai0RLKmdAWEQtbhYMK4zPcknO4Sf0QOu7UQ== Completed in 3ms
80 timing metavuln:calculate:security-advisory:nodemon:VmVhQImG+QKVWnlNW5yp1zHUOx/ZRnbSImuBAMs3JcawiSqH/9EH24+HabREtz3rIxJpMx8t/03D1fhp2B5M3g== Completed in 47ms
81 timing auditReport:init Completed in 140ms
82 timing reify:audit Completed in 350ms
83 timing reify Completed in 512ms
84 silly ADD
85 timing command:install Completed in 533ms
86 verbose exit 0
87 timing npm Completed in 576ms
88 info ok
