0 verbose cli /usr/bin/node /usr/bin/npm
1 info using npm@9.2.0
2 info using node@v18.19.1
3 timing npm:load:whichnode Completed in 0ms
4 timing config:load:defaults Completed in 3ms
5 timing config:load:file:/usr/share/nodejs/npm/npmrc Completed in 4ms
6 timing config:load:builtin Completed in 4ms
7 timing config:load:cli Completed in 1ms
8 timing config:load:env Completed in 0ms
9 timing config:load:file:/root/ecommerce-app/backend/.npmrc Completed in 0ms
10 timing config:load:project Completed in 4ms
11 timing config:load:file:/root/.npmrc Completed in 0ms
12 timing config:load:user Completed in 0ms
13 timing config:load:file:/etc/npmrc Completed in 0ms
14 timing config:load:global Completed in 0ms
15 timing config:load:setEnvs Completed in 1ms
16 timing config:load Completed in 16ms
17 timing npm:load:configload Completed in 16ms
18 timing npm:load:mkdirpcache Completed in 0ms
19 timing npm:load:mkdirplogs Completed in 1ms
20 verbose title npm install express
21 verbose argv "install" "express"
22 timing npm:load:setTitle Completed in 3ms
23 timing config:load:flatten Completed in 3ms
24 timing npm:load:display Completed in 4ms
25 verbose logfile logs-max:10 dir:/root/.npm/_logs/2024-10-01T06_16_14_859Z-
26 verbose logfile /root/.npm/_logs/2024-10-01T06_16_14_859Z-debug-0.log
27 timing npm:load:logFile Completed in 10ms
28 timing npm:load:timers Completed in 0ms
29 timing npm:load:configScope Completed in 0ms
30 timing npm:load Completed in 36ms
31 silly logfile done cleaning log files
32 timing config:load:flatten Completed in 0ms
33 timing arborist:ctor Completed in 1ms
34 timing arborist:ctor Completed in 0ms
35 timing idealTree:init Completed in 19ms
36 timing idealTree:userRequests Completed in 7ms
37 silly idealTree buildDeps
38 silly fetch manifest express@*
39 http fetch GET 200 https://registry.npmjs.org/express 145ms (cache revalidated)
40 silly placeDep ROOT express@4.21.0 OK for:  want: *
41 silly fetch manifest qs@6.13.0
42 silly fetch manifest depd@2.0.0
43 silly fetch manifest etag@~1.8.1
44 silly fetch manifest send@0.19.0
45 silly fetch manifest vary@~1.1.2
46 silly fetch manifest debug@2.6.9
47 silly fetch manifest fresh@0.5.2
48 silly fetch manifest cookie@0.6.0
49 silly fetch manifest accepts@~1.3.8
50 silly fetch manifest methods@~1.1.2
51 silly fetch manifest type-is@~1.6.18
52 silly fetch manifest parseurl@~1.3.3
53 silly fetch manifest statuses@2.0.1
54 silly fetch manifest encodeurl@~2.0.0
55 silly fetch manifest proxy-addr@~2.0.7
56 silly fetch manifest body-parser@1.20.3
57 silly fetch manifest escape-html@~1.0.3
58 silly fetch manifest http-errors@2.0.0
59 silly fetch manifest on-finished@2.4.1
60 silly fetch manifest safe-buffer@5.2.1
61 silly fetch manifest utils-merge@1.0.1
62 silly fetch manifest content-type@~1.0.4
63 silly fetch manifest finalhandler@1.3.1
64 silly fetch manifest range-parser@~1.2.1
65 silly fetch manifest serve-static@1.16.2
66 silly fetch manifest array-flatten@1.1.1
67 silly fetch manifest path-to-regexp@0.1.10
68 silly fetch manifest setprototypeof@1.2.0
69 silly fetch manifest cookie-signature@1.0.6
70 silly fetch manifest merge-descriptors@1.0.3
71 silly fetch manifest content-disposition@0.5.4
72 http fetch GET 200 https://registry.npmjs.org/parseurl 140ms (cache revalidated)
73 http fetch GET 200 https://registry.npmjs.org/type-is 142ms (cache revalidated)
74 http fetch GET 200 https://registry.npmjs.org/body-parser 140ms (cache revalidated)
75 http fetch GET 200 https://registry.npmjs.org/proxy-addr 142ms (cache revalidated)
76 http fetch GET 200 https://registry.npmjs.org/utils-merge 158ms (cache revalidated)
77 http fetch GET 200 https://registry.npmjs.org/escape-html 160ms (cache revalidated)
78 http fetch GET 200 https://registry.npmjs.org/safe-buffer 161ms (cache revalidated)
79 http fetch GET 200 https://registry.npmjs.org/cookie-signature 155ms (cache revalidated)
80 http fetch GET 200 https://registry.npmjs.org/encodeurl 167ms (cache revalidated)
81 http fetch GET 200 https://registry.npmjs.org/range-parser 162ms (cache revalidated)
82 http fetch GET 200 https://registry.npmjs.org/vary 177ms (cache revalidated)
83 http fetch GET 200 https://registry.npmjs.org/depd 181ms (cache revalidated)
84 http fetch GET 200 https://registry.npmjs.org/statuses 177ms (cache revalidated)
85 http fetch GET 200 https://registry.npmjs.org/merge-descriptors 164ms (cache revalidated)
86 http fetch GET 200 https://registry.npmjs.org/content-disposition 168ms (cache revalidated)
87 http fetch GET 200 https://registry.npmjs.org/http-errors 179ms (cache revalidated)
88 http fetch GET 200 https://registry.npmjs.org/serve-static 175ms (cache revalidated)
89 http fetch GET 200 https://registry.npmjs.org/debug 196ms (cache revalidated)
90 http fetch GET 200 https://registry.npmjs.org/path-to-regexp 185ms (cache revalidated)
91 http fetch GET 200 https://registry.npmjs.org/on-finished 196ms (cache revalidated)
92 http fetch GET 200 https://registry.npmjs.org/finalhandler 193ms (cache revalidated)
93 http fetch GET 200 https://registry.npmjs.org/methods 203ms (cache revalidated)
94 http fetch GET 200 https://registry.npmjs.org/setprototypeof 189ms (cache revalidated)
95 http fetch GET 200 https://registry.npmjs.org/send 208ms (cache revalidated)
96 http fetch GET 200 https://registry.npmjs.org/qs 212ms (cache revalidated)
97 http fetch GET 200 https://registry.npmjs.org/array-flatten 196ms (cache revalidated)
98 http fetch GET 200 https://registry.npmjs.org/content-type 202ms (cache revalidated)
99 http fetch GET 200 https://registry.npmjs.org/accepts 210ms (cache revalidated)
100 http fetch GET 200 https://registry.npmjs.org/etag 215ms (cache revalidated)
101 http fetch GET 200 https://registry.npmjs.org/cookie 213ms (cache revalidated)
102 http fetch GET 200 https://registry.npmjs.org/fresh 213ms (cache revalidated)
103 timing idealTree:#root Completed in 385ms
104 silly placeDep ROOT accepts@1.3.8 OK for: express@4.21.0 want: ~1.3.8
105 silly placeDep ROOT array-flatten@1.1.1 OK for: express@4.21.0 want: 1.1.1
106 silly placeDep ROOT body-parser@1.20.3 OK for: express@4.21.0 want: 1.20.3
107 silly placeDep ROOT content-disposition@0.5.4 OK for: express@4.21.0 want: 0.5.4
108 silly placeDep ROOT content-type@1.0.5 OK for: express@4.21.0 want: ~1.0.4
109 silly placeDep ROOT cookie@0.6.0 OK for: express@4.21.0 want: 0.6.0
110 silly placeDep ROOT cookie-signature@1.0.6 OK for: express@4.21.0 want: 1.0.6
111 silly placeDep ROOT debug@2.6.9 OK for: express@4.21.0 want: 2.6.9
112 silly placeDep ROOT depd@2.0.0 OK for: express@4.21.0 want: 2.0.0
113 silly placeDep ROOT encodeurl@2.0.0 OK for: express@4.21.0 want: ~2.0.0
114 silly placeDep ROOT escape-html@1.0.3 OK for: express@4.21.0 want: ~1.0.3
115 silly placeDep ROOT etag@1.8.1 OK for: express@4.21.0 want: ~1.8.1
116 silly placeDep ROOT finalhandler@1.3.1 OK for: express@4.21.0 want: 1.3.1
117 silly placeDep ROOT fresh@0.5.2 OK for: express@4.21.0 want: 0.5.2
118 silly placeDep ROOT http-errors@2.0.0 OK for: express@4.21.0 want: 2.0.0
119 silly placeDep ROOT merge-descriptors@1.0.3 OK for: express@4.21.0 want: 1.0.3
120 silly placeDep ROOT methods@1.1.2 OK for: express@4.21.0 want: ~1.1.2
121 silly placeDep ROOT on-finished@2.4.1 OK for: express@4.21.0 want: 2.4.1
122 silly placeDep ROOT parseurl@1.3.3 OK for: express@4.21.0 want: ~1.3.3
123 silly placeDep ROOT path-to-regexp@0.1.10 OK for: express@4.21.0 want: 0.1.10
124 silly placeDep ROOT proxy-addr@2.0.7 OK for: express@4.21.0 want: ~2.0.7
125 silly placeDep ROOT qs@6.13.0 OK for: express@4.21.0 want: 6.13.0
126 silly placeDep ROOT range-parser@1.2.1 OK for: express@4.21.0 want: ~1.2.1
127 silly placeDep ROOT safe-buffer@5.2.1 OK for: express@4.21.0 want: 5.2.1
128 silly placeDep ROOT send@0.19.0 OK for: express@4.21.0 want: 0.19.0
129 silly placeDep ROOT serve-static@1.16.2 OK for: express@4.21.0 want: 1.16.2
130 silly placeDep ROOT setprototypeof@1.2.0 OK for: express@4.21.0 want: 1.2.0
131 silly placeDep ROOT statuses@2.0.1 OK for: express@4.21.0 want: 2.0.1
132 silly placeDep ROOT type-is@1.6.18 OK for: express@4.21.0 want: ~1.6.18
133 silly placeDep ROOT utils-merge@1.0.1 OK for: express@4.21.0 want: 1.0.1
134 silly placeDep ROOT vary@1.1.2 OK for: express@4.21.0 want: ~1.1.2
135 silly fetch manifest mime-types@~2.1.34
136 silly fetch manifest negotiator@0.6.3
137 silly fetch manifest bytes@3.1.2
138 silly fetch manifest unpipe@1.0.0
139 silly fetch manifest destroy@1.2.0
140 silly fetch manifest raw-body@2.5.2
141 silly fetch manifest iconv-lite@0.4.24
142 silly fetch manifest ms@2.0.0
143 silly fetch manifest unpipe@~1.0.0
144 silly fetch manifest inherits@2.0.4
145 silly fetch manifest toidentifier@1.0.1
146 silly fetch manifest ee-first@1.1.1
147 silly fetch manifest forwarded@0.2.0
148 silly fetch manifest ipaddr.js@1.9.1
149 silly fetch manifest side-channel@^1.0.6
150 silly fetch manifest ms@2.1.3
151 silly fetch manifest mime@1.6.0
152 silly fetch manifest encodeurl@~1.0.2
153 silly fetch manifest mime-types@~2.1.24
154 silly fetch manifest media-typer@0.3.0
155 http fetch GET 200 https://registry.npmjs.org/inherits 71ms (cache revalidated)
156 http fetch GET 200 https://registry.npmjs.org/iconv-lite 76ms (cache revalidated)
157 http fetch GET 200 https://registry.npmjs.org/toidentifier 73ms (cache revalidated)
158 http fetch GET 200 https://registry.npmjs.org/mime-types 67ms (cache revalidated)
159 http fetch GET 200 https://registry.npmjs.org/forwarded 76ms (cache revalidated)
160 http fetch GET 200 https://registry.npmjs.org/mime-types 88ms (cache revalidated)
161 http fetch GET 200 https://registry.npmjs.org/ms 81ms (cache revalidated)
162 http fetch GET 200 https://registry.npmjs.org/unpipe 89ms (cache revalidated)
163 http fetch GET 200 https://registry.npmjs.org/ee-first 90ms (cache revalidated)
164 http fetch GET 200 https://registry.npmjs.org/media-typer 84ms (cache revalidated)
165 http fetch GET 200 https://registry.npmjs.org/negotiator 102ms (cache revalidated)
166 http fetch GET 200 https://registry.npmjs.org/unpipe 102ms (cache revalidated)
167 http fetch GET 200 https://registry.npmjs.org/mime 91ms (cache revalidated)
168 http fetch GET 200 https://registry.npmjs.org/ms 95ms (cache revalidated)
169 http fetch GET 200 https://registry.npmjs.org/ipaddr.js 97ms (cache revalidated)
170 http fetch GET 200 https://registry.npmjs.org/raw-body 108ms (cache revalidated)
171 http fetch GET 200 https://registry.npmjs.org/destroy 108ms (cache revalidated)
172 http fetch GET 200 https://registry.npmjs.org/bytes 111ms (cache revalidated)
173 http fetch GET 200 https://registry.npmjs.org/side-channel 102ms (cache revalidated)
174 timing idealTree:node_modules/express Completed in 165ms
175 silly placeDep ROOT mime-types@2.1.35 OK for: accepts@1.3.8 want: ~2.1.34
176 silly placeDep ROOT negotiator@0.6.3 OK for: accepts@1.3.8 want: 0.6.3
177 silly fetch manifest mime-db@1.52.0
178 http fetch GET 200 https://registry.npmjs.org/mime-db 31ms (cache revalidated)
179 timing idealTree:node_modules/accepts Completed in 35ms
180 timing idealTree:node_modules/array-flatten Completed in 0ms
181 silly placeDep ROOT bytes@3.1.2 OK for: body-parser@1.20.3 want: 3.1.2
182 silly placeDep ROOT destroy@1.2.0 OK for: body-parser@1.20.3 want: 1.2.0
183 silly placeDep ROOT iconv-lite@0.4.24 OK for: body-parser@1.20.3 want: 0.4.24
184 silly placeDep ROOT raw-body@2.5.2 OK for: body-parser@1.20.3 want: 2.5.2
185 silly placeDep ROOT unpipe@1.0.0 OK for: body-parser@1.20.3 want: 1.0.0
186 silly fetch manifest safer-buffer@>= 2.1.2 < 3
187 http fetch GET 200 https://registry.npmjs.org/safer-buffer 28ms (cache revalidated)
188 timing idealTree:node_modules/body-parser Completed in 34ms
189 timing idealTree:node_modules/bytes Completed in 0ms
190 timing idealTree:node_modules/content-disposition Completed in 0ms
191 timing idealTree:node_modules/content-type Completed in 0ms
192 timing idealTree:node_modules/cookie Completed in 0ms
193 timing idealTree:node_modules/cookie-signature Completed in 0ms
194 silly placeDep ROOT ms@2.0.0 OK for: debug@2.6.9 want: 2.0.0
195 timing idealTree:node_modules/debug Completed in 1ms
196 timing idealTree:node_modules/depd Completed in 0ms
197 timing idealTree:node_modules/destroy Completed in 0ms
198 timing idealTree:node_modules/encodeurl Completed in 0ms
199 timing idealTree:node_modules/escape-html Completed in 0ms
200 timing idealTree:node_modules/etag Completed in 0ms
201 timing idealTree:node_modules/finalhandler Completed in 0ms
202 timing idealTree:node_modules/fresh Completed in 0ms
203 silly placeDep ROOT inherits@2.0.4 OK for: http-errors@2.0.0 want: 2.0.4
204 silly placeDep ROOT toidentifier@1.0.1 OK for: http-errors@2.0.0 want: 1.0.1
205 timing idealTree:node_modules/http-errors Completed in 2ms
206 silly placeDep ROOT safer-buffer@2.1.2 OK for: iconv-lite@0.4.24 want: >= 2.1.2 < 3
207 timing idealTree:node_modules/iconv-lite Completed in 1ms
208 timing idealTree:node_modules/inherits Completed in 0ms
209 timing idealTree:node_modules/merge-descriptors Completed in 0ms
210 timing idealTree:node_modules/methods Completed in 0ms
211 silly placeDep ROOT mime-db@1.52.0 OK for: mime-types@2.1.35 want: 1.52.0
212 timing idealTree:node_modules/mime-types Completed in 0ms
213 timing idealTree:node_modules/mime-db Completed in 0ms
214 timing idealTree:node_modules/ms Completed in 0ms
215 timing idealTree:node_modules/negotiator Completed in 0ms
216 silly placeDep ROOT ee-first@1.1.1 OK for: on-finished@2.4.1 want: 1.1.1
217 timing idealTree:node_modules/on-finished Completed in 2ms
218 timing idealTree:node_modules/ee-first Completed in 0ms
219 timing idealTree:node_modules/parseurl Completed in 0ms
220 timing idealTree:node_modules/path-to-regexp Completed in 0ms
221 silly placeDep ROOT forwarded@0.2.0 OK for: proxy-addr@2.0.7 want: 0.2.0
222 silly placeDep ROOT ipaddr.js@1.9.1 OK for: proxy-addr@2.0.7 want: 1.9.1
223 timing idealTree:node_modules/proxy-addr Completed in 1ms
224 timing idealTree:node_modules/forwarded Completed in 0ms
225 timing idealTree:node_modules/ipaddr.js Completed in 0ms
226 silly placeDep ROOT side-channel@1.0.6 OK for: qs@6.13.0 want: ^1.0.6
227 silly fetch manifest call-bind@^1.0.7
228 silly fetch manifest es-errors@^1.3.0
229 silly fetch manifest get-intrinsic@^1.2.4
230 silly fetch manifest object-inspect@^1.13.1
231 http fetch GET 200 https://registry.npmjs.org/es-errors 35ms (cache revalidated)
232 http fetch GET 200 https://registry.npmjs.org/call-bind 37ms (cache revalidated)
233 http fetch GET 200 https://registry.npmjs.org/object-inspect 38ms (cache revalidated)
234 http fetch GET 200 https://registry.npmjs.org/get-intrinsic 42ms (cache revalidated)
235 timing idealTree:node_modules/qs Completed in 46ms
236 timing idealTree:node_modules/range-parser Completed in 0ms
237 timing idealTree:node_modules/raw-body Completed in 0ms
238 timing idealTree:node_modules/safe-buffer Completed in 0ms
239 timing idealTree:node_modules/safer-buffer Completed in 0ms
240 silly placeDep node_modules/send encodeurl@1.0.2 OK for: send@0.19.0 want: ~1.0.2
241 silly placeDep ROOT mime@1.6.0 OK for: send@0.19.0 want: 1.6.0
242 silly placeDep node_modules/send ms@2.1.3 OK for: send@0.19.0 want: 2.1.3
243 timing idealTree:node_modules/send Completed in 7ms
244 timing idealTree:node_modules/mime Completed in 0ms
245 timing idealTree:node_modules/serve-static Completed in 0ms
246 timing idealTree:node_modules/setprototypeof Completed in 0ms
247 silly placeDep ROOT call-bind@1.0.7 OK for: side-channel@1.0.6 want: ^1.0.7
248 silly placeDep ROOT es-errors@1.3.0 OK for: side-channel@1.0.6 want: ^1.3.0
249 silly placeDep ROOT get-intrinsic@1.2.4 OK for: side-channel@1.0.6 want: ^1.2.4
250 silly placeDep ROOT object-inspect@1.13.2 OK for: side-channel@1.0.6 want: ^1.13.1
251 silly fetch manifest es-define-property@^1.0.0
252 silly fetch manifest function-bind@^1.1.2
253 silly fetch manifest set-function-length@^1.2.1
254 silly fetch manifest has-proto@^1.0.1
255 silly fetch manifest has-symbols@^1.0.3
256 silly fetch manifest hasown@^2.0.0
257 http fetch GET 200 https://registry.npmjs.org/set-function-length 33ms (cache revalidated)
258 http fetch GET 200 https://registry.npmjs.org/has-proto 35ms (cache revalidated)
259 http fetch GET 200 https://registry.npmjs.org/function-bind 54ms (cache revalidated)
260 http fetch GET 200 https://registry.npmjs.org/has-symbols 62ms (cache revalidated)
261 http fetch GET 200 https://registry.npmjs.org/es-define-property 65ms (cache revalidated)
262 http fetch GET 200 https://registry.npmjs.org/hasown 81ms (cache revalidated)
263 timing idealTree:node_modules/side-channel Completed in 89ms
264 silly placeDep ROOT es-define-property@1.0.0 OK for: call-bind@1.0.7 want: ^1.0.0
265 silly placeDep ROOT function-bind@1.1.2 OK for: call-bind@1.0.7 want: ^1.1.2
266 silly placeDep ROOT set-function-length@1.2.2 OK for: call-bind@1.0.7 want: ^1.2.1
267 silly fetch manifest define-data-property@^1.1.4
268 silly fetch manifest gopd@^1.0.1
269 silly fetch manifest has-property-descriptors@^1.0.2
270 http fetch GET 200 https://registry.npmjs.org/has-property-descriptors 49ms (cache revalidated)
271 http fetch GET 200 https://registry.npmjs.org/define-data-property 51ms (cache revalidated)
272 http fetch GET 200 https://registry.npmjs.org/gopd 335ms (cache revalidated)
273 timing idealTree:node_modules/call-bind Completed in 338ms
274 timing idealTree:node_modules/es-define-property Completed in 0ms
275 timing idealTree:node_modules/es-errors Completed in 0ms
276 timing idealTree:node_modules/function-bind Completed in 0ms
277 silly placeDep ROOT has-proto@1.0.3 OK for: get-intrinsic@1.2.4 want: ^1.0.1
278 silly placeDep ROOT has-symbols@1.0.3 OK for: get-intrinsic@1.2.4 want: ^1.0.3
279 silly placeDep ROOT hasown@2.0.2 OK for: get-intrinsic@1.2.4 want: ^2.0.0
280 timing idealTree:node_modules/get-intrinsic Completed in 3ms
281 timing idealTree:node_modules/has-proto Completed in 0ms
282 timing idealTree:node_modules/has-symbols Completed in 0ms
283 timing idealTree:node_modules/hasown Completed in 0ms
284 timing idealTree:node_modules/object-inspect Completed in 0ms
285 silly placeDep ROOT define-data-property@1.1.4 OK for: set-function-length@1.2.2 want: ^1.1.4
286 silly placeDep ROOT gopd@1.0.1 OK for: set-function-length@1.2.2 want: ^1.0.1
287 silly placeDep ROOT has-property-descriptors@1.0.2 OK for: set-function-length@1.2.2 want: ^1.0.2
288 timing idealTree:node_modules/set-function-length Completed in 3ms
289 timing idealTree:node_modules/define-data-property Completed in 0ms
290 timing idealTree:node_modules/gopd Completed in 0ms
291 timing idealTree:node_modules/has-property-descriptors Completed in 0ms
292 timing idealTree:node_modules/statuses Completed in 0ms
293 timing idealTree:node_modules/toidentifier Completed in 0ms
294 silly placeDep ROOT media-typer@0.3.0 OK for: type-is@1.6.18 want: 0.3.0
295 timing idealTree:node_modules/type-is Completed in 1ms
296 timing idealTree:node_modules/media-typer Completed in 0ms
297 timing idealTree:node_modules/unpipe Completed in 0ms
298 timing idealTree:node_modules/utils-merge Completed in 0ms
299 timing idealTree:node_modules/vary Completed in 0ms
300 timing idealTree:node_modules/send/node_modules/encodeurl Completed in 0ms
301 timing idealTree:node_modules/send/node_modules/ms Completed in 0ms
302 timing idealTree:buildDeps Completed in 1118ms
303 timing idealTree:fixDepFlags Completed in 1ms
304 timing idealTree Completed in 1149ms
305 timing reify:loadTrees Completed in 1151ms
306 timing reify:diffTrees Completed in 2ms
307 silly reify moves {}
308 timing reify:retireShallow Completed in 1ms
309 timing reify:createSparse Completed in 6ms
310 timing reify:loadBundles Completed in 0ms
311 timing reifyNode:node_modules/ee-first Completed in 174ms
312 timing reifyNode:node_modules/media-typer Completed in 178ms
313 timing reifyNode:node_modules/destroy Completed in 178ms
314 timing reifyNode:node_modules/path-to-regexp Completed in 179ms
315 timing reifyNode:node_modules/send/node_modules/ms Completed in 179ms
316 timing reifyNode:node_modules/encodeurl Completed in 179ms
317 timing reifyNode:node_modules/forwarded Completed in 181ms
318 timing reifyNode:node_modules/unpipe Completed in 181ms
319 timing reifyNode:node_modules/escape-html Completed in 181ms
320 timing reifyNode:node_modules/toidentifier Completed in 183ms
321 timing reifyNode:node_modules/inherits Completed in 184ms
322 timing reifyNode:node_modules/ms Completed in 184ms
323 timing reifyNode:node_modules/array-flatten Completed in 183ms
324 timing reifyNode:node_modules/type-is Completed in 184ms
325 timing reifyNode:node_modules/bytes Completed in 185ms
326 timing reifyNode:node_modules/methods Completed in 184ms
327 timing reifyNode:node_modules/etag Completed in 184ms
328 timing reifyNode:node_modules/http-errors Completed in 185ms
329 timing reifyNode:node_modules/merge-descriptors Completed in 185ms
330 timing reifyNode:node_modules/vary Completed in 187ms
331 timing reifyNode:node_modules/parseurl Completed in 186ms
332 timing reifyNode:node_modules/range-parser Completed in 186ms
333 timing reifyNode:node_modules/fresh Completed in 187ms
334 timing reifyNode:node_modules/content-type Completed in 187ms
335 timing reifyNode:node_modules/accepts Completed in 187ms
336 timing reifyNode:node_modules/send/node_modules/encodeurl Completed in 188ms
337 timing reifyNode:node_modules/on-finished Completed in 189ms
338 timing reifyNode:node_modules/proxy-addr Completed in 189ms
339 timing reifyNode:node_modules/utils-merge Completed in 191ms
340 timing reifyNode:node_modules/cookie-signature Completed in 190ms
341 timing reifyNode:node_modules/setprototypeof Completed in 191ms
342 timing reifyNode:node_modules/mime-types Completed in 192ms
343 timing reifyNode:node_modules/statuses Completed in 192ms
344 timing reifyNode:node_modules/serve-static Completed in 191ms
345 timing reifyNode:node_modules/content-disposition Completed in 192ms
346 timing reifyNode:node_modules/safe-buffer Completed in 193ms
347 timing reifyNode:node_modules/cookie Completed in 194ms
348 timing reifyNode:node_modules/finalhandler Completed in 194ms
349 timing reifyNode:node_modules/gopd Completed in 196ms
350 timing reifyNode:node_modules/raw-body Completed in 196ms
351 timing reifyNode:node_modules/safer-buffer Completed in 196ms
352 timing reifyNode:node_modules/hasown Completed in 198ms
353 timing reifyNode:node_modules/ipaddr.js Completed in 197ms
354 timing reifyNode:node_modules/depd Completed in 198ms
355 timing reifyNode:node_modules/has-property-descriptors Completed in 202ms
356 timing reifyNode:node_modules/es-define-property Completed in 202ms
357 timing reifyNode:node_modules/send Completed in 201ms
358 timing reifyNode:node_modules/has-proto Completed in 206ms
359 timing reifyNode:node_modules/negotiator Completed in 205ms
360 timing reifyNode:node_modules/call-bind Completed in 205ms
361 timing reifyNode:node_modules/set-function-length Completed in 205ms
362 timing reifyNode:node_modules/get-intrinsic Completed in 207ms
363 timing reifyNode:node_modules/mime Completed in 213ms
364 timing reifyNode:node_modules/define-data-property Completed in 214ms
365 timing reifyNode:node_modules/side-channel Completed in 213ms
366 timing reifyNode:node_modules/function-bind Completed in 216ms
367 timing reifyNode:node_modules/has-symbols Completed in 218ms
368 timing reifyNode:node_modules/mime-db Completed in 218ms
369 timing reifyNode:node_modules/body-parser Completed in 219ms
370 timing reifyNode:node_modules/debug Completed in 219ms
371 timing reifyNode:node_modules/es-errors Completed in 224ms
372 timing reifyNode:node_modules/express Completed in 230ms
373 timing reifyNode:node_modules/object-inspect Completed in 232ms
374 timing reifyNode:node_modules/qs Completed in 232ms
375 timing reifyNode:node_modules/iconv-lite Completed in 233ms
376 timing reify:unpack Completed in 234ms
377 timing reify:unretire Completed in 0ms
378 timing build:queue Completed in 2ms
379 timing build:link:node_modules/mime Completed in 3ms
380 timing build:link Completed in 3ms
381 timing build:deps Completed in 6ms
382 timing build Completed in 6ms
383 timing reify:build Completed in 7ms
384 timing reify:trash Completed in 0ms
385 timing reify:save Completed in 23ms
386 timing reify Completed in 1446ms
387 silly ADD node_modules/media-typer
388 silly ADD node_modules/has-property-descriptors
389 silly ADD node_modules/gopd
390 silly ADD node_modules/define-data-property
391 silly ADD node_modules/hasown
392 silly ADD node_modules/has-symbols
393 silly ADD node_modules/has-proto
394 silly ADD node_modules/set-function-length
395 silly ADD node_modules/function-bind
396 silly ADD node_modules/es-define-property
397 silly ADD node_modules/object-inspect
398 silly ADD node_modules/get-intrinsic
399 silly ADD node_modules/es-errors
400 silly ADD node_modules/call-bind
401 silly ADD node_modules/mime
402 silly ADD node_modules/side-channel
403 silly ADD node_modules/ipaddr.js
404 silly ADD node_modules/forwarded
405 silly ADD node_modules/ee-first
406 silly ADD node_modules/mime-db
407 silly ADD node_modules/safer-buffer
408 silly ADD node_modules/toidentifier
409 silly ADD node_modules/inherits
410 silly ADD node_modules/ms
411 silly ADD node_modules/unpipe
412 silly ADD node_modules/raw-body
413 silly ADD node_modules/iconv-lite
414 silly ADD node_modules/destroy
415 silly ADD node_modules/bytes
416 silly ADD node_modules/negotiator
417 silly ADD node_modules/mime-types
418 silly ADD node_modules/vary
419 silly ADD node_modules/utils-merge
420 silly ADD node_modules/type-is
421 silly ADD node_modules/statuses
422 silly ADD node_modules/setprototypeof
423 silly ADD node_modules/serve-static
424 silly ADD node_modules/send
425 silly ADD node_modules/send/node_modules/ms
426 silly ADD node_modules/send/node_modules/encodeurl
427 silly ADD node_modules/safe-buffer
428 silly ADD node_modules/range-parser
429 silly ADD node_modules/qs
430 silly ADD node_modules/proxy-addr
431 silly ADD node_modules/path-to-regexp
432 silly ADD node_modules/parseurl
433 silly ADD node_modules/on-finished
434 silly ADD node_modules/methods
435 silly ADD node_modules/merge-descriptors
436 silly ADD node_modules/http-errors
437 silly ADD node_modules/fresh
438 silly ADD node_modules/finalhandler
439 silly ADD node_modules/etag
440 silly ADD node_modules/escape-html
441 silly ADD node_modules/encodeurl
442 silly ADD node_modules/depd
443 silly ADD node_modules/debug
444 silly ADD node_modules/cookie-signature
445 silly ADD node_modules/cookie
446 silly ADD node_modules/content-type
447 silly ADD node_modules/content-disposition
448 silly ADD node_modules/body-parser
449 silly ADD node_modules/array-flatten
450 silly ADD node_modules/accepts
451 silly ADD node_modules/express
452 timing command:install Completed in 1455ms
453 verbose exit 0
454 timing npm Completed in 1531ms
455 info ok
