0 verbose cli /usr/bin/node /usr/bin/npm
1 info using npm@9.2.0
2 info using node@v18.19.1
3 timing npm:load:whichnode Completed in 0ms
4 timing config:load:defaults Completed in 2ms
5 timing config:load:file:/usr/share/nodejs/npm/npmrc Completed in 4ms
6 timing config:load:builtin Completed in 4ms
7 timing config:load:cli Completed in 1ms
8 timing config:load:env Completed in 1ms
9 timing config:load:file:/root/ecommerce-app/backend/.npmrc Completed in 1ms
10 timing config:load:project Completed in 2ms
11 timing config:load:file:/root/.npmrc Completed in 0ms
12 timing config:load:user Completed in 0ms
13 timing config:load:file:/etc/npmrc Completed in 0ms
14 timing config:load:global Completed in 0ms
15 timing config:load:setEnvs Completed in 1ms
16 timing config:load Completed in 11ms
17 timing npm:load:configload Completed in 11ms
18 timing npm:load:mkdirpcache Completed in 0ms
19 timing npm:load:mkdirplogs Completed in 1ms
20 verbose title npm install
21 verbose argv "install"
22 timing npm:load:setTitle Completed in 2ms
23 timing config:load:flatten Completed in 4ms
24 timing npm:load:display Completed in 4ms
25 verbose logfile logs-max:10 dir:/root/.npm/_logs/2024-10-01T06_45_31_271Z-
26 verbose logfile /root/.npm/_logs/2024-10-01T06_45_31_271Z-debug-0.log
27 timing npm:load:logFile Completed in 9ms
28 timing npm:load:timers Completed in 0ms
29 timing npm:load:configScope Completed in 0ms
30 timing npm:load Completed in 29ms
31 silly logfile done cleaning log files
32 timing config:load:flatten Completed in 1ms
33 timing arborist:ctor Completed in 2ms
34 verbose shrinkwrap failed to load package-lock.json JSONParseError: Unexpected token 
34 verbose shrinkwrap  in JSON at position 3982 while parsing '{
34 verbose shrinkwrap   "name": "ecommerce-backend",
34 verbose shrinkwrap   "vers'
34 verbose shrinkwrap     at parseConflictJSON (/usr/share/nodejs/npm/node_modules/parse-conflict-json/lib/index.js:35:12)
34 verbose shrinkwrap     at /usr/share/nodejs/@npmcli/arborist/lib/shrinkwrap.js:448:21
34 verbose shrinkwrap     at async Arborist.loadVirtual (/usr/share/nodejs/@npmcli/arborist/lib/arborist/load-virtual.js:57:15)
34 verbose shrinkwrap     at async Arborist.buildIdealTree (/usr/share/nodejs/@npmcli/arborist/lib/arborist/build-ideal-tree.js:203:7)
34 verbose shrinkwrap     at async Promise.all (index 1)
34 verbose shrinkwrap     at async Arborist.reify (/usr/share/nodejs/@npmcli/arborist/lib/arborist/reify.js:156:5)
34 verbose shrinkwrap     at async Install.exec (/usr/share/nodejs/npm/lib/commands/install.js:146:5)
34 verbose shrinkwrap     at async module.exports (/usr/share/nodejs/npm/lib/cli.js:133:5) {
34 verbose shrinkwrap   position: 0,
34 verbose shrinkwrap   code: 'EJSONPARSE',
34 verbose shrinkwrap   systemError: SyntaxError: Unexpected token 
34 verbose shrinkwrap    in JSON at position 3982
34 verbose shrinkwrap       at JSON.parse (<anonymous>)
34 verbose shrinkwrap       at parseJson (/usr/share/nodejs/json-parse-even-better-errors/index.js:88:25)
34 verbose shrinkwrap       at parseConflictJSON (/usr/share/nodejs/npm/node_modules/parse-conflict-json/lib/index.js:35:12)
34 verbose shrinkwrap       at /usr/share/nodejs/@npmcli/arborist/lib/shrinkwrap.js:448:21
34 verbose shrinkwrap       at async Arborist.loadVirtual (/usr/share/nodejs/@npmcli/arborist/lib/arborist/load-virtual.js:57:15)
34 verbose shrinkwrap       at async Arborist.buildIdealTree (/usr/share/nodejs/@npmcli/arborist/lib/arborist/build-ideal-tree.js:203:7)
34 verbose shrinkwrap       at async Promise.all (index 1)
34 verbose shrinkwrap       at async Arborist.reify (/usr/share/nodejs/@npmcli/arborist/lib/arborist/reify.js:156:5)
34 verbose shrinkwrap       at async Install.exec (/usr/share/nodejs/npm/lib/commands/install.js:146:5)
34 verbose shrinkwrap       at async module.exports (/usr/share/nodejs/npm/lib/cli.js:133:5)
34 verbose shrinkwrap }
35 timing arborist:ctor Completed in 0ms
36 verbose shrinkwrap failed to load package-lock.json JSONParseError: Unexpected token 
36 verbose shrinkwrap  in JSON at position 3982 while parsing '{
36 verbose shrinkwrap   "name": "ecommerce-backend",
36 verbose shrinkwrap   "vers'
36 verbose shrinkwrap     at parseConflictJSON (/usr/share/nodejs/npm/node_modules/parse-conflict-json/lib/index.js:35:12)
36 verbose shrinkwrap     at /usr/share/nodejs/@npmcli/arborist/lib/shrinkwrap.js:448:21
36 verbose shrinkwrap     at async [loadActual] (/usr/share/nodejs/@npmcli/arborist/lib/arborist/load-actual.js:177:20)
36 verbose shrinkwrap     at async Promise.all (index 0)
36 verbose shrinkwrap     at async Arborist.reify (/usr/share/nodejs/@npmcli/arborist/lib/arborist/reify.js:156:5)
36 verbose shrinkwrap     at async Install.exec (/usr/share/nodejs/npm/lib/commands/install.js:146:5)
36 verbose shrinkwrap     at async module.exports (/usr/share/nodejs/npm/lib/cli.js:133:5) {
36 verbose shrinkwrap   position: 0,
36 verbose shrinkwrap   code: 'EJSONPARSE',
36 verbose shrinkwrap   systemError: SyntaxError: Unexpected token 
36 verbose shrinkwrap    in JSON at position 3982
36 verbose shrinkwrap       at JSON.parse (<anonymous>)
36 verbose shrinkwrap       at parseJson (/usr/share/nodejs/json-parse-even-better-errors/index.js:88:25)
36 verbose shrinkwrap       at parseConflictJSON (/usr/share/nodejs/npm/node_modules/parse-conflict-json/lib/index.js:35:12)
36 verbose shrinkwrap       at /usr/share/nodejs/@npmcli/arborist/lib/shrinkwrap.js:448:21
36 verbose shrinkwrap       at async [loadActual] (/usr/share/nodejs/@npmcli/arborist/lib/arborist/load-actual.js:177:20)
36 verbose shrinkwrap       at async Promise.all (index 0)
36 verbose shrinkwrap       at async Arborist.reify (/usr/share/nodejs/@npmcli/arborist/lib/arborist/reify.js:156:5)
36 verbose shrinkwrap       at async Install.exec (/usr/share/nodejs/npm/lib/commands/install.js:146:5)
36 verbose shrinkwrap       at async module.exports (/usr/share/nodejs/npm/lib/cli.js:133:5)
36 verbose shrinkwrap }
37 verbose shrinkwrap failed to load package-lock.json JSONParseError: Unexpected token 
37 verbose shrinkwrap  in JSON at position 3982 while parsing '{
37 verbose shrinkwrap   "name": "ecommerce-backend",
37 verbose shrinkwrap   "vers'
37 verbose shrinkwrap     at parseConflictJSON (/usr/share/nodejs/npm/node_modules/parse-conflict-json/lib/index.js:35:12)
37 verbose shrinkwrap     at /usr/share/nodejs/@npmcli/arborist/lib/shrinkwrap.js:448:21
37 verbose shrinkwrap     at async [loadActual] (/usr/share/nodejs/@npmcli/arborist/lib/arborist/load-actual.js:177:20)
37 verbose shrinkwrap     at async /usr/share/nodejs/@npmcli/arborist/lib/arborist/build-ideal-tree.js:318:11
37 verbose shrinkwrap     at async Arborist.buildIdealTree (/usr/share/nodejs/@npmcli/arborist/lib/arborist/build-ideal-tree.js:203:7)
37 verbose shrinkwrap     at async Promise.all (index 1)
37 verbose shrinkwrap     at async Arborist.reify (/usr/share/nodejs/@npmcli/arborist/lib/arborist/reify.js:156:5)
37 verbose shrinkwrap     at async Install.exec (/usr/share/nodejs/npm/lib/commands/install.js:146:5)
37 verbose shrinkwrap     at async module.exports (/usr/share/nodejs/npm/lib/cli.js:133:5) {
37 verbose shrinkwrap   position: 0,
37 verbose shrinkwrap   code: 'EJSONPARSE',
37 verbose shrinkwrap   systemError: SyntaxError: Unexpected token 
37 verbose shrinkwrap    in JSON at position 3982
37 verbose shrinkwrap       at JSON.parse (<anonymous>)
37 verbose shrinkwrap       at parseJson (/usr/share/nodejs/json-parse-even-better-errors/index.js:88:25)
37 verbose shrinkwrap       at parseConflictJSON (/usr/share/nodejs/npm/node_modules/parse-conflict-json/lib/index.js:35:12)
37 verbose shrinkwrap       at /usr/share/nodejs/@npmcli/arborist/lib/shrinkwrap.js:448:21
37 verbose shrinkwrap       at async [loadActual] (/usr/share/nodejs/@npmcli/arborist/lib/arborist/load-actual.js:177:20)
37 verbose shrinkwrap       at async /usr/share/nodejs/@npmcli/arborist/lib/arborist/build-ideal-tree.js:318:11
37 verbose shrinkwrap       at async Arborist.buildIdealTree (/usr/share/nodejs/@npmcli/arborist/lib/arborist/build-ideal-tree.js:203:7)
37 verbose shrinkwrap       at async Promise.all (index 1)
37 verbose shrinkwrap       at async Arborist.reify (/usr/share/nodejs/@npmcli/arborist/lib/arborist/reify.js:156:5)
37 verbose shrinkwrap       at async Install.exec (/usr/share/nodejs/npm/lib/commands/install.js:146:5)
37 verbose shrinkwrap }
38 timing idealTree:init Completed in 23ms
39 timing idealTree:userRequests Completed in 0ms
40 silly idealTree buildDeps
41 silly fetch manifest express@^4.17.1
42 http fetch GET 200 https://registry.npmjs.org/express 116ms (cache revalidated)
43 silly fetch manifest nodemon@^2.0.7
44 http fetch GET 200 https://registry.npmjs.org/nodemon 44ms (cache miss)
45 silly placeDep ROOT express@4.21.0 OK for: ecommerce-backend@1.0.0 want: ^4.17.1
46 silly placeDep ROOT nodemon@2.0.22 OK for: ecommerce-backend@1.0.0 want: ^2.0.7
47 silly fetch manifest qs@6.13.0
48 silly fetch manifest depd@2.0.0
49 silly fetch manifest etag@~1.8.1
50 silly fetch manifest send@0.19.0
51 silly fetch manifest vary@~1.1.2
52 silly fetch manifest debug@2.6.9
53 silly fetch manifest fresh@0.5.2
54 silly fetch manifest cookie@0.6.0
55 silly fetch manifest accepts@~1.3.8
56 silly fetch manifest methods@~1.1.2
57 silly fetch manifest type-is@~1.6.18
58 silly fetch manifest parseurl@~1.3.3
59 silly fetch manifest statuses@2.0.1
60 silly fetch manifest encodeurl@~2.0.0
61 silly fetch manifest proxy-addr@~2.0.7
62 silly fetch manifest body-parser@1.20.3
63 silly fetch manifest escape-html@~1.0.3
64 silly fetch manifest http-errors@2.0.0
65 silly fetch manifest on-finished@2.4.1
66 silly fetch manifest safe-buffer@5.2.1
67 silly fetch manifest utils-merge@1.0.1
68 silly fetch manifest content-type@~1.0.4
69 silly fetch manifest finalhandler@1.3.1
70 silly fetch manifest range-parser@~1.2.1
71 silly fetch manifest serve-static@1.16.2
72 silly fetch manifest array-flatten@1.1.1
73 silly fetch manifest path-to-regexp@0.1.10
74 silly fetch manifest setprototypeof@1.2.0
75 silly fetch manifest cookie-signature@1.0.6
76 silly fetch manifest merge-descriptors@1.0.3
77 silly fetch manifest content-disposition@0.5.4
78 silly fetch manifest debug@^3.2.7
79 silly fetch manifest touch@^3.1.0
80 silly fetch manifest semver@^5.7.1
81 silly fetch manifest chokidar@^3.5.2
82 silly fetch manifest minimatch@^3.1.2
83 silly fetch manifest undefsafe@^2.0.5
84 silly fetch manifest pstree.remy@^1.1.8
85 silly fetch manifest supports-color@^5.5.0
86 silly fetch manifest ignore-by-default@^1.0.1
87 silly fetch manifest simple-update-notifier@^1.0.7
88 http fetch GET 200 https://registry.npmjs.org/touch 167ms (cache miss)
89 http fetch GET 200 https://registry.npmjs.org/depd 200ms (cache revalidated)
90 http fetch GET 200 https://registry.npmjs.org/send 199ms (cache revalidated)
91 http fetch GET 200 https://registry.npmjs.org/etag 201ms (cache revalidated)
92 http fetch GET 200 https://registry.npmjs.org/qs 203ms (cache revalidated)
93 http fetch GET 200 https://registry.npmjs.org/fresh 202ms (cache revalidated)
94 http fetch GET 200 https://registry.npmjs.org/ignore-by-default 176ms (cache miss)
95 http fetch GET 200 https://registry.npmjs.org/pstree.remy 178ms (cache miss)
96 http fetch GET 200 https://registry.npmjs.org/undefsafe 180ms (cache miss)
97 http fetch GET 200 https://registry.npmjs.org/simple-update-notifier 182ms (cache miss)
98 http fetch GET 200 https://registry.npmjs.org/array-flatten 204ms (cache revalidated)
99 http fetch GET 200 https://registry.npmjs.org/statuses 217ms (cache revalidated)
100 http fetch GET 200 https://registry.npmjs.org/debug 222ms (cache revalidated)
101 http fetch GET 200 https://registry.npmjs.org/safe-buffer 217ms (cache revalidated)
102 http fetch GET 200 https://registry.npmjs.org/on-finished 219ms (cache revalidated)
103 http fetch GET 200 https://registry.npmjs.org/cookie 224ms (cache revalidated)
104 http fetch GET 200 https://registry.npmjs.org/http-errors 223ms (cache revalidated)
105 http fetch GET 200 https://registry.npmjs.org/methods 244ms (cache revalidated)
106 http fetch GET 200 https://registry.npmjs.org/accepts 245ms (cache revalidated)
107 http fetch GET 200 https://registry.npmjs.org/vary 251ms (cache revalidated)
108 http fetch GET 200 https://registry.npmjs.org/semver 231ms (cache revalidated)
109 http fetch GET 200 https://registry.npmjs.org/type-is 254ms (cache revalidated)
110 http fetch GET 200 https://registry.npmjs.org/utils-merge 256ms (cache revalidated)
111 http fetch GET 200 https://registry.npmjs.org/finalhandler 255ms (cache revalidated)
112 http fetch GET 200 https://registry.npmjs.org/escape-html 264ms (cache revalidated)
113 http fetch GET 200 https://registry.npmjs.org/merge-descriptors 250ms (cache revalidated)
114 http fetch GET 200 https://registry.npmjs.org/debug 250ms (cache revalidated)
115 http fetch GET 200 https://registry.npmjs.org/range-parser 261ms (cache revalidated)
116 http fetch GET 200 https://registry.npmjs.org/body-parser 268ms (cache revalidated)
117 http fetch GET 200 https://registry.npmjs.org/parseurl 270ms (cache revalidated)
118 http fetch GET 200 https://registry.npmjs.org/content-type 266ms (cache revalidated)
119 http fetch GET 200 https://registry.npmjs.org/encodeurl 271ms (cache revalidated)
120 http fetch GET 200 https://registry.npmjs.org/proxy-addr 271ms (cache revalidated)
121 http fetch GET 200 https://registry.npmjs.org/serve-static 262ms (cache revalidated)
122 http fetch GET 200 https://registry.npmjs.org/content-disposition 259ms (cache revalidated)
123 http fetch GET 200 https://registry.npmjs.org/cookie-signature 262ms (cache revalidated)
124 http fetch GET 200 https://registry.npmjs.org/setprototypeof 262ms (cache revalidated)
125 http fetch GET 200 https://registry.npmjs.org/path-to-regexp 263ms (cache revalidated)
126 http fetch GET 200 https://registry.npmjs.org/supports-color 257ms (cache revalidated)
127 http fetch GET 200 https://registry.npmjs.org/chokidar 260ms (cache revalidated)
128 http fetch GET 200 https://registry.npmjs.org/minimatch 266ms (cache revalidated)
129 timing idealTree:#root Completed in 492ms
130 silly placeDep ROOT accepts@1.3.8 OK for: express@4.21.0 want: ~1.3.8
131 silly placeDep ROOT array-flatten@1.1.1 OK for: express@4.21.0 want: 1.1.1
132 silly placeDep ROOT body-parser@1.20.3 OK for: express@4.21.0 want: 1.20.3
133 silly placeDep ROOT content-disposition@0.5.4 OK for: express@4.21.0 want: 0.5.4
134 silly placeDep ROOT content-type@1.0.5 OK for: express@4.21.0 want: ~1.0.4
135 silly placeDep ROOT cookie@0.6.0 OK for: express@4.21.0 want: 0.6.0
136 silly placeDep ROOT cookie-signature@1.0.6 OK for: express@4.21.0 want: 1.0.6
137 silly placeDep ROOT debug@2.6.9 OK for: express@4.21.0 want: 2.6.9
138 silly placeDep ROOT depd@2.0.0 OK for: express@4.21.0 want: 2.0.0
139 silly placeDep ROOT encodeurl@2.0.0 OK for: express@4.21.0 want: ~2.0.0
140 silly placeDep ROOT escape-html@1.0.3 OK for: express@4.21.0 want: ~1.0.3
141 silly placeDep ROOT etag@1.8.1 OK for: express@4.21.0 want: ~1.8.1
142 silly placeDep ROOT finalhandler@1.3.1 OK for: express@4.21.0 want: 1.3.1
143 silly placeDep ROOT fresh@0.5.2 OK for: express@4.21.0 want: 0.5.2
144 silly placeDep ROOT http-errors@2.0.0 OK for: express@4.21.0 want: 2.0.0
145 silly placeDep ROOT merge-descriptors@1.0.3 OK for: express@4.21.0 want: 1.0.3
146 silly placeDep ROOT methods@1.1.2 OK for: express@4.21.0 want: ~1.1.2
147 silly placeDep ROOT on-finished@2.4.1 OK for: express@4.21.0 want: 2.4.1
148 silly placeDep ROOT parseurl@1.3.3 OK for: express@4.21.0 want: ~1.3.3
149 silly placeDep ROOT path-to-regexp@0.1.10 OK for: express@4.21.0 want: 0.1.10
150 silly placeDep ROOT proxy-addr@2.0.7 OK for: express@4.21.0 want: ~2.0.7
151 silly placeDep ROOT qs@6.13.0 OK for: express@4.21.0 want: 6.13.0
152 silly placeDep ROOT range-parser@1.2.1 OK for: express@4.21.0 want: ~1.2.1
153 silly placeDep ROOT safe-buffer@5.2.1 OK for: express@4.21.0 want: 5.2.1
154 silly placeDep ROOT send@0.19.0 OK for: express@4.21.0 want: 0.19.0
155 silly placeDep ROOT serve-static@1.16.2 OK for: express@4.21.0 want: 1.16.2
156 silly placeDep ROOT setprototypeof@1.2.0 OK for: express@4.21.0 want: 1.2.0
157 silly placeDep ROOT statuses@2.0.1 OK for: express@4.21.0 want: 2.0.1
158 silly placeDep ROOT type-is@1.6.18 OK for: express@4.21.0 want: ~1.6.18
159 silly placeDep ROOT utils-merge@1.0.1 OK for: express@4.21.0 want: 1.0.1
160 silly placeDep ROOT vary@1.1.2 OK for: express@4.21.0 want: ~1.1.2
161 silly fetch manifest mime-types@~2.1.34
162 silly fetch manifest negotiator@0.6.3
163 silly fetch manifest bytes@3.1.2
164 silly fetch manifest unpipe@1.0.0
165 silly fetch manifest destroy@1.2.0
166 silly fetch manifest raw-body@2.5.2
167 silly fetch manifest iconv-lite@0.4.24
168 silly fetch manifest ms@2.0.0
169 silly fetch manifest unpipe@~1.0.0
170 silly fetch manifest inherits@2.0.4
171 silly fetch manifest toidentifier@1.0.1
172 silly fetch manifest ee-first@1.1.1
173 silly fetch manifest forwarded@0.2.0
174 silly fetch manifest ipaddr.js@1.9.1
175 silly fetch manifest side-channel@^1.0.6
176 silly fetch manifest ms@2.1.3
177 silly fetch manifest mime@1.6.0
178 silly fetch manifest encodeurl@~1.0.2
179 silly fetch manifest mime-types@~2.1.24
180 silly fetch manifest media-typer@0.3.0
181 http fetch GET 200 https://registry.npmjs.org/iconv-lite 52ms (cache revalidated)
182 http fetch GET 200 https://registry.npmjs.org/mime-types 56ms (cache revalidated)
183 http fetch GET 200 https://registry.npmjs.org/unpipe 59ms (cache revalidated)
184 http fetch GET 200 https://registry.npmjs.org/negotiator 62ms (cache revalidated)
185 http fetch GET 200 https://registry.npmjs.org/bytes 65ms (cache revalidated)
186 http fetch GET 200 https://registry.npmjs.org/raw-body 70ms (cache revalidated)
187 http fetch GET 200 https://registry.npmjs.org/ms 69ms (cache revalidated)
188 http fetch GET 200 https://registry.npmjs.org/destroy 78ms (cache revalidated)
189 http fetch GET 200 https://registry.npmjs.org/ee-first 72ms (cache revalidated)
190 http fetch GET 200 https://registry.npmjs.org/ms 80ms (cache revalidated)
191 http fetch GET 200 https://registry.npmjs.org/mime-types 84ms (cache revalidated)
192 http fetch GET 200 https://registry.npmjs.org/mime 86ms (cache revalidated)
193 http fetch GET 200 https://registry.npmjs.org/media-typer 91ms (cache revalidated)
194 http fetch GET 200 https://registry.npmjs.org/toidentifier 97ms (cache revalidated)
195 http fetch GET 200 https://registry.npmjs.org/forwarded 99ms (cache revalidated)
196 http fetch GET 200 https://registry.npmjs.org/inherits 101ms (cache revalidated)
197 http fetch GET 200 https://registry.npmjs.org/side-channel 100ms (cache revalidated)
198 http fetch GET 200 https://registry.npmjs.org/unpipe 105ms (cache revalidated)
199 http fetch GET 200 https://registry.npmjs.org/ipaddr.js 101ms (cache revalidated)
200 timing idealTree:node_modules/express Completed in 162ms
201 silly placeDep ROOT mime-types@2.1.35 OK for: accepts@1.3.8 want: ~2.1.34
202 silly placeDep ROOT negotiator@0.6.3 OK for: accepts@1.3.8 want: 0.6.3
203 silly fetch manifest mime-db@1.52.0
204 http fetch GET 200 https://registry.npmjs.org/mime-db 30ms (cache revalidated)
205 timing idealTree:node_modules/accepts Completed in 35ms
206 timing idealTree:node_modules/array-flatten Completed in 1ms
207 silly placeDep ROOT bytes@3.1.2 OK for: body-parser@1.20.3 want: 3.1.2
208 silly placeDep ROOT destroy@1.2.0 OK for: body-parser@1.20.3 want: 1.2.0
209 silly placeDep ROOT iconv-lite@0.4.24 OK for: body-parser@1.20.3 want: 0.4.24
210 silly placeDep ROOT raw-body@2.5.2 OK for: body-parser@1.20.3 want: 2.5.2
211 silly placeDep ROOT unpipe@1.0.0 OK for: body-parser@1.20.3 want: 1.0.0
212 silly fetch manifest safer-buffer@>= 2.1.2 < 3
213 http fetch GET 200 https://registry.npmjs.org/safer-buffer 23ms (cache revalidated)
214 timing idealTree:node_modules/body-parser Completed in 27ms
215 timing idealTree:node_modules/bytes Completed in 0ms
216 timing idealTree:node_modules/content-disposition Completed in 0ms
217 timing idealTree:node_modules/content-type Completed in 0ms
218 timing idealTree:node_modules/cookie Completed in 0ms
219 timing idealTree:node_modules/cookie-signature Completed in 0ms
220 silly placeDep ROOT ms@2.0.0 OK for: debug@2.6.9 want: 2.0.0
221 timing idealTree:node_modules/debug Completed in 1ms
222 timing idealTree:node_modules/depd Completed in 0ms
223 timing idealTree:node_modules/destroy Completed in 0ms
224 timing idealTree:node_modules/encodeurl Completed in 0ms
225 timing idealTree:node_modules/escape-html Completed in 0ms
226 timing idealTree:node_modules/etag Completed in 0ms
227 timing idealTree:node_modules/finalhandler Completed in 0ms
228 timing idealTree:node_modules/fresh Completed in 0ms
229 silly placeDep ROOT inherits@2.0.4 OK for: http-errors@2.0.0 want: 2.0.4
230 silly placeDep ROOT toidentifier@1.0.1 OK for: http-errors@2.0.0 want: 1.0.1
231 timing idealTree:node_modules/http-errors Completed in 3ms
232 silly placeDep ROOT safer-buffer@2.1.2 OK for: iconv-lite@0.4.24 want: >= 2.1.2 < 3
233 timing idealTree:node_modules/iconv-lite Completed in 1ms
234 timing idealTree:node_modules/inherits Completed in 0ms
235 timing idealTree:node_modules/merge-descriptors Completed in 0ms
236 timing idealTree:node_modules/methods Completed in 0ms
237 silly placeDep ROOT mime-db@1.52.0 OK for: mime-types@2.1.35 want: 1.52.0
238 timing idealTree:node_modules/mime-types Completed in 1ms
239 timing idealTree:node_modules/mime-db Completed in 0ms
240 timing idealTree:node_modules/ms Completed in 0ms
241 timing idealTree:node_modules/negotiator Completed in 0ms
242 silly placeDep ROOT chokidar@3.6.0 OK for: nodemon@2.0.22 want: ^3.5.2
243 silly placeDep node_modules/nodemon debug@3.2.7 OK for: nodemon@2.0.22 want: ^3.2.7
244 silly placeDep ROOT ignore-by-default@1.0.1 OK for: nodemon@2.0.22 want: ^1.0.1
245 silly placeDep ROOT minimatch@3.1.2 OK for: nodemon@2.0.22 want: ^3.1.2
246 silly placeDep ROOT pstree.remy@1.1.8 OK for: nodemon@2.0.22 want: ^1.1.8
247 silly placeDep ROOT semver@5.7.2 OK for: nodemon@2.0.22 want: ^5.7.1
248 silly placeDep ROOT simple-update-notifier@1.1.0 OK for: nodemon@2.0.22 want: ^1.0.7
249 silly placeDep ROOT supports-color@5.5.0 OK for: nodemon@2.0.22 want: ^5.5.0
250 silly placeDep ROOT touch@3.1.1 OK for: nodemon@2.0.22 want: ^3.1.0
251 silly placeDep ROOT undefsafe@2.0.5 OK for: nodemon@2.0.22 want: ^2.0.5
252 silly fetch manifest braces@~3.0.2
253 silly fetch manifest is-glob@~4.0.1
254 silly fetch manifest anymatch@~3.1.2
255 silly fetch manifest readdirp@~3.6.0
256 silly fetch manifest glob-parent@~5.1.2
257 silly fetch manifest is-binary-path@~2.1.0
258 silly fetch manifest normalize-path@~3.0.0
259 silly fetch manifest fsevents@~2.3.2
260 silly fetch manifest ms@^2.1.1
261 silly fetch manifest brace-expansion@^1.1.7
262 silly fetch manifest semver@~7.0.0
263 silly fetch manifest has-flag@^3.0.0
264 http fetch GET 200 https://registry.npmjs.org/braces 39ms (cache revalidated)
265 http fetch GET 200 https://registry.npmjs.org/anymatch 41ms (cache revalidated)
266 http fetch GET 200 https://registry.npmjs.org/fsevents 40ms (cache revalidated)
267 http fetch GET 200 https://registry.npmjs.org/brace-expansion 47ms (cache revalidated)
268 http fetch GET 200 https://registry.npmjs.org/normalize-path 51ms (cache revalidated)
269 http fetch GET 200 https://registry.npmjs.org/has-flag 48ms (cache revalidated)
270 http fetch GET 200 https://registry.npmjs.org/readdirp 55ms (cache revalidated)
271 http fetch GET 200 https://registry.npmjs.org/is-binary-path 56ms (cache revalidated)
272 http fetch GET 200 https://registry.npmjs.org/glob-parent 56ms (cache revalidated)
273 http fetch GET 200 https://registry.npmjs.org/is-glob 67ms (cache revalidated)
274 timing idealTree:node_modules/nodemon Completed in 80ms
275 silly placeDep ROOT anymatch@3.1.3 OK for: chokidar@3.6.0 want: ~3.1.2
276 silly placeDep ROOT braces@3.0.3 OK for: chokidar@3.6.0 want: ~3.0.2
277 silly placeDep ROOT fsevents@2.3.3 OK for: chokidar@3.6.0 want: ~2.3.2
278 silly placeDep ROOT glob-parent@5.1.2 OK for: chokidar@3.6.0 want: ~5.1.2
279 silly placeDep ROOT is-binary-path@2.1.0 OK for: chokidar@3.6.0 want: ~2.1.0
280 silly placeDep ROOT is-glob@4.0.3 OK for: chokidar@3.6.0 want: ~4.0.1
281 silly placeDep ROOT normalize-path@3.0.0 OK for: chokidar@3.6.0 want: ~3.0.0
282 silly placeDep ROOT readdirp@3.6.0 OK for: chokidar@3.6.0 want: ~3.6.0
283 silly fetch manifest picomatch@^2.0.4
284 silly fetch manifest fill-range@^7.1.1
285 silly fetch manifest binary-extensions@^2.0.0
286 silly fetch manifest is-extglob@^2.1.1
287 silly fetch manifest picomatch@^2.2.1
288 http fetch GET 200 https://registry.npmjs.org/binary-extensions 41ms (cache revalidated)
289 http fetch GET 200 https://registry.npmjs.org/fill-range 45ms (cache revalidated)
290 http fetch GET 200 https://registry.npmjs.org/picomatch 47ms (cache revalidated)
291 http fetch GET 200 https://registry.npmjs.org/picomatch 54ms (cache revalidated)
292 http fetch GET 200 https://registry.npmjs.org/is-extglob 58ms (cache revalidated)
293 timing idealTree:node_modules/chokidar Completed in 70ms
294 silly placeDep ROOT picomatch@2.3.1 OK for: anymatch@3.1.3 want: ^2.0.4
295 timing idealTree:node_modules/anymatch Completed in 1ms
296 silly placeDep ROOT fill-range@7.1.1 OK for: braces@3.0.3 want: ^7.1.1
297 silly fetch manifest to-regex-range@^5.0.1
298 http fetch GET 200 https://registry.npmjs.org/to-regex-range 30ms (cache revalidated)
299 timing idealTree:node_modules/braces Completed in 36ms
300 silly placeDep ROOT to-regex-range@5.0.1 OK for: fill-range@7.1.1 want: ^5.0.1
301 silly fetch manifest is-number@^7.0.0
302 http fetch GET 200 https://registry.npmjs.org/is-number 40ms (cache revalidated)
303 timing idealTree:node_modules/fill-range Completed in 43ms
304 timing idealTree:node_modules/fsevents Completed in 0ms
305 timing idealTree:node_modules/glob-parent Completed in 0ms
306 timing idealTree:node_modules/ignore-by-default Completed in 0ms
307 silly placeDep ROOT binary-extensions@2.3.0 OK for: is-binary-path@2.1.0 want: ^2.0.0
308 timing idealTree:node_modules/is-binary-path Completed in 1ms
309 timing idealTree:node_modules/binary-extensions Completed in 0ms
310 silly placeDep ROOT is-extglob@2.1.1 OK for: is-glob@4.0.3 want: ^2.1.1
311 timing idealTree:node_modules/is-glob Completed in 1ms
312 timing idealTree:node_modules/is-extglob Completed in 0ms
313 silly placeDep ROOT brace-expansion@1.1.11 OK for: minimatch@3.1.2 want: ^1.1.7
314 silly fetch manifest balanced-match@^1.0.0
315 silly fetch manifest concat-map@0.0.1
316 http fetch GET 200 https://registry.npmjs.org/concat-map 38ms (cache revalidated)
317 http fetch GET 200 https://registry.npmjs.org/balanced-match 40ms (cache revalidated)
318 timing idealTree:node_modules/minimatch Completed in 43ms
319 silly placeDep ROOT balanced-match@1.0.2 OK for: brace-expansion@1.1.11 want: ^1.0.0
320 silly placeDep ROOT concat-map@0.0.1 OK for: brace-expansion@1.1.11 want: 0.0.1
321 timing idealTree:node_modules/brace-expansion Completed in 5ms
322 timing idealTree:node_modules/balanced-match Completed in 0ms
323 timing idealTree:node_modules/concat-map Completed in 0ms
324 timing idealTree:node_modules/normalize-path Completed in 0ms
325 silly placeDep ROOT ee-first@1.1.1 OK for: on-finished@2.4.1 want: 1.1.1
326 timing idealTree:node_modules/on-finished Completed in 3ms
327 timing idealTree:node_modules/ee-first Completed in 0ms
328 timing idealTree:node_modules/parseurl Completed in 0ms
329 timing idealTree:node_modules/path-to-regexp Completed in 0ms
330 timing idealTree:node_modules/picomatch Completed in 0ms
331 silly placeDep ROOT forwarded@0.2.0 OK for: proxy-addr@2.0.7 want: 0.2.0
332 silly placeDep ROOT ipaddr.js@1.9.1 OK for: proxy-addr@2.0.7 want: 1.9.1
333 timing idealTree:node_modules/proxy-addr Completed in 3ms
334 timing idealTree:node_modules/forwarded Completed in 0ms
335 timing idealTree:node_modules/ipaddr.js Completed in 0ms
336 timing idealTree:node_modules/pstree.remy Completed in 0ms
337 silly placeDep ROOT side-channel@1.0.6 OK for: qs@6.13.0 want: ^1.0.6
338 silly fetch manifest call-bind@^1.0.7
339 silly fetch manifest es-errors@^1.3.0
340 silly fetch manifest get-intrinsic@^1.2.4
341 silly fetch manifest object-inspect@^1.13.1
342 http fetch GET 200 https://registry.npmjs.org/object-inspect 43ms (cache revalidated)
343 http fetch GET 200 https://registry.npmjs.org/call-bind 46ms (cache revalidated)
344 http fetch GET 200 https://registry.npmjs.org/get-intrinsic 46ms (cache revalidated)
345 http fetch GET 200 https://registry.npmjs.org/es-errors 54ms (cache revalidated)
346 timing idealTree:node_modules/qs Completed in 56ms
347 timing idealTree:node_modules/range-parser Completed in 0ms
348 timing idealTree:node_modules/raw-body Completed in 0ms
349 timing idealTree:node_modules/readdirp Completed in 0ms
350 timing idealTree:node_modules/safe-buffer Completed in 0ms
351 timing idealTree:node_modules/safer-buffer Completed in 0ms
352 timing idealTree:node_modules/semver Completed in 0ms
353 silly placeDep node_modules/send encodeurl@1.0.2 OK for: send@0.19.0 want: ~1.0.2
354 silly placeDep ROOT mime@1.6.0 OK for: send@0.19.0 want: 1.6.0
355 silly placeDep node_modules/send ms@2.1.3 OK for: send@0.19.0 want: 2.1.3
356 timing idealTree:node_modules/send Completed in 8ms
357 timing idealTree:node_modules/mime Completed in 0ms
358 timing idealTree:node_modules/serve-static Completed in 0ms
359 timing idealTree:node_modules/setprototypeof Completed in 0ms
360 silly placeDep ROOT call-bind@1.0.7 OK for: side-channel@1.0.6 want: ^1.0.7
361 silly placeDep ROOT es-errors@1.3.0 OK for: side-channel@1.0.6 want: ^1.3.0
362 silly placeDep ROOT get-intrinsic@1.2.4 OK for: side-channel@1.0.6 want: ^1.2.4
363 silly placeDep ROOT object-inspect@1.13.2 OK for: side-channel@1.0.6 want: ^1.13.1
364 silly fetch manifest es-define-property@^1.0.0
365 silly fetch manifest function-bind@^1.1.2
366 silly fetch manifest set-function-length@^1.2.1
367 silly fetch manifest has-proto@^1.0.1
368 silly fetch manifest has-symbols@^1.0.3
369 silly fetch manifest hasown@^2.0.0
370 http fetch GET 200 https://registry.npmjs.org/has-symbols 33ms (cache revalidated)
371 http fetch GET 200 https://registry.npmjs.org/function-bind 36ms (cache revalidated)
372 http fetch GET 200 https://registry.npmjs.org/hasown 34ms (cache revalidated)
373 http fetch GET 200 https://registry.npmjs.org/set-function-length 37ms (cache revalidated)
374 http fetch GET 200 https://registry.npmjs.org/es-define-property 56ms (cache revalidated)
375 http fetch GET 200 https://registry.npmjs.org/has-proto 55ms (cache revalidated)
376 timing idealTree:node_modules/side-channel Completed in 63ms
377 silly placeDep ROOT es-define-property@1.0.0 OK for: call-bind@1.0.7 want: ^1.0.0
378 silly placeDep ROOT function-bind@1.1.2 OK for: call-bind@1.0.7 want: ^1.1.2
379 silly placeDep ROOT set-function-length@1.2.2 OK for: call-bind@1.0.7 want: ^1.2.1
380 silly fetch manifest define-data-property@^1.1.4
381 silly fetch manifest gopd@^1.0.1
382 silly fetch manifest has-property-descriptors@^1.0.2
383 http fetch GET 200 https://registry.npmjs.org/has-property-descriptors 31ms (cache revalidated)
384 http fetch GET 200 https://registry.npmjs.org/gopd 39ms (cache revalidated)
385 http fetch GET 200 https://registry.npmjs.org/define-data-property 57ms (cache revalidated)
386 timing idealTree:node_modules/call-bind Completed in 67ms
387 timing idealTree:node_modules/es-define-property Completed in 0ms
388 timing idealTree:node_modules/es-errors Completed in 0ms
389 timing idealTree:node_modules/function-bind Completed in 0ms
390 silly placeDep ROOT has-proto@1.0.3 OK for: get-intrinsic@1.2.4 want: ^1.0.1
391 silly placeDep ROOT has-symbols@1.0.3 OK for: get-intrinsic@1.2.4 want: ^1.0.3
392 silly placeDep ROOT hasown@2.0.2 OK for: get-intrinsic@1.2.4 want: ^2.0.0
393 timing idealTree:node_modules/get-intrinsic Completed in 7ms
394 timing idealTree:node_modules/has-proto Completed in 0ms
395 timing idealTree:node_modules/has-symbols Completed in 0ms
396 timing idealTree:node_modules/hasown Completed in 0ms
397 timing idealTree:node_modules/object-inspect Completed in 0ms
398 silly placeDep ROOT define-data-property@1.1.4 OK for: set-function-length@1.2.2 want: ^1.1.4
399 silly placeDep ROOT gopd@1.0.1 OK for: set-function-length@1.2.2 want: ^1.0.1
400 silly placeDep ROOT has-property-descriptors@1.0.2 OK for: set-function-length@1.2.2 want: ^1.0.2
401 timing idealTree:node_modules/set-function-length Completed in 4ms
402 timing idealTree:node_modules/define-data-property Completed in 0ms
403 timing idealTree:node_modules/gopd Completed in 0ms
404 timing idealTree:node_modules/has-property-descriptors Completed in 0ms
405 silly placeDep node_modules/simple-update-notifier semver@7.0.0 OK for: simple-update-notifier@1.1.0 want: ~7.0.0
406 timing idealTree:node_modules/simple-update-notifier Completed in 1ms
407 timing idealTree:node_modules/statuses Completed in 0ms
408 silly placeDep ROOT has-flag@3.0.0 OK for: supports-color@5.5.0 want: ^3.0.0
409 timing idealTree:node_modules/supports-color Completed in 1ms
410 timing idealTree:node_modules/has-flag Completed in 0ms
411 silly placeDep ROOT is-number@7.0.0 OK for: to-regex-range@5.0.1 want: ^7.0.0
412 timing idealTree:node_modules/to-regex-range Completed in 1ms
413 timing idealTree:node_modules/is-number Completed in 0ms
414 timing idealTree:node_modules/toidentifier Completed in 0ms
415 timing idealTree:node_modules/touch Completed in 0ms
416 silly placeDep ROOT media-typer@0.3.0 OK for: type-is@1.6.18 want: 0.3.0
417 timing idealTree:node_modules/type-is Completed in 0ms
418 timing idealTree:node_modules/media-typer Completed in 0ms
419 timing idealTree:node_modules/undefsafe Completed in 0ms
420 timing idealTree:node_modules/unpipe Completed in 0ms
421 timing idealTree:node_modules/utils-merge Completed in 0ms
422 timing idealTree:node_modules/vary Completed in 0ms
423 silly placeDep node_modules/nodemon ms@2.1.3 OK for: debug@3.2.7 want: ^2.1.1
424 timing idealTree:node_modules/nodemon/node_modules/debug Completed in 0ms
425 timing idealTree:node_modules/nodemon/node_modules/ms Completed in 0ms
426 timing idealTree:node_modules/send/node_modules/encodeurl Completed in 0ms
427 timing idealTree:node_modules/send/node_modules/ms Completed in 0ms
428 timing idealTree:node_modules/simple-update-notifier/node_modules/semver Completed in 0ms
429 timing idealTree:buildDeps Completed in 1226ms
430 timing idealTree:fixDepFlags Completed in 1ms
431 timing idealTree Completed in 1252ms
432 timing reify:loadTrees Completed in 1253ms
433 timing reify:diffTrees Completed in 3ms
434 silly reify moves {}
435 timing reify:retireShallow Completed in 1ms
436 timing reify:createSparse Completed in 7ms
437 timing reify:loadBundles Completed in 0ms
438 silly audit bulk request {
438 silly audit   express: [ '4.21.0' ],
438 silly audit   nodemon: [ '2.0.22' ],
438 silly audit   accepts: [ '1.3.8' ],
438 silly audit   'array-flatten': [ '1.1.1' ],
438 silly audit   'body-parser': [ '1.20.3' ],
438 silly audit   'content-disposition': [ '0.5.4' ],
438 silly audit   'content-type': [ '1.0.5' ],
438 silly audit   cookie: [ '0.6.0' ],
438 silly audit   'cookie-signature': [ '1.0.6' ],
438 silly audit   debug: [ '2.6.9', '3.2.7' ],
438 silly audit   depd: [ '2.0.0' ],
438 silly audit   encodeurl: [ '2.0.0', '1.0.2' ],
438 silly audit   'escape-html': [ '1.0.3' ],
438 silly audit   etag: [ '1.8.1' ],
438 silly audit   finalhandler: [ '1.3.1' ],
438 silly audit   fresh: [ '0.5.2' ],
438 silly audit   'http-errors': [ '2.0.0' ],
438 silly audit   'merge-descriptors': [ '1.0.3' ],
438 silly audit   methods: [ '1.1.2' ],
438 silly audit   'on-finished': [ '2.4.1' ],
438 silly audit   parseurl: [ '1.3.3' ],
438 silly audit   'path-to-regexp': [ '0.1.10' ],
438 silly audit   'proxy-addr': [ '2.0.7' ],
438 silly audit   qs: [ '6.13.0' ],
438 silly audit   'range-parser': [ '1.2.1' ],
438 silly audit   'safe-buffer': [ '5.2.1' ],
438 silly audit   send: [ '0.19.0' ],
438 silly audit   'serve-static': [ '1.16.2' ],
438 silly audit   setprototypeof: [ '1.2.0' ],
438 silly audit   statuses: [ '2.0.1' ],
438 silly audit   'type-is': [ '1.6.18' ],
438 silly audit   'utils-merge': [ '1.0.1' ],
438 silly audit   vary: [ '1.1.2' ],
438 silly audit   'mime-types': [ '2.1.35' ],
438 silly audit   negotiator: [ '0.6.3' ],
438 silly audit   bytes: [ '3.1.2' ],
438 silly audit   destroy: [ '1.2.0' ],
438 silly audit   'iconv-lite': [ '0.4.24' ],
438 silly audit   'raw-body': [ '2.5.2' ],
438 silly audit   unpipe: [ '1.0.0' ],
438 silly audit   ms: [ '2.0.0', '2.1.3' ],
438 silly audit   inherits: [ '2.0.4' ],
438 silly audit   toidentifier: [ '1.0.1' ],
438 silly audit   'safer-buffer': [ '2.1.2' ],
438 silly audit   'mime-db': [ '1.52.0' ],
438 silly audit   chokidar: [ '3.6.0' ],
438 silly audit   'ignore-by-default': [ '1.0.1' ],
438 silly audit   minimatch: [ '3.1.2' ],
438 silly audit   'pstree.remy': [ '1.1.8' ],
438 silly audit   semver: [ '5.7.2', '7.0.0' ],
438 silly audit   'simple-update-notifier': [ '1.1.0' ],
438 silly audit   'supports-color': [ '5.5.0' ],
438 silly audit   touch: [ '3.1.1' ],
438 silly audit   undefsafe: [ '2.0.5' ],
438 silly audit   anymatch: [ '3.1.3' ],
438 silly audit   braces: [ '3.0.3' ],
438 silly audit   fsevents: [ '2.3.3' ],
438 silly audit   'glob-parent': [ '5.1.2' ],
438 silly audit   'is-binary-path': [ '2.1.0' ],
438 silly audit   'is-glob': [ '4.0.3' ],
438 silly audit   'normalize-path': [ '3.0.0' ],
438 silly audit   readdirp: [ '3.6.0' ],
438 silly audit   picomatch: [ '2.3.1' ],
438 silly audit   'fill-range': [ '7.1.1' ],
438 silly audit   'to-regex-range': [ '5.0.1' ],
438 silly audit   'binary-extensions': [ '2.3.0' ],
438 silly audit   'is-extglob': [ '2.1.1' ],
438 silly audit   'brace-expansion': [ '1.1.11' ],
438 silly audit   'balanced-match': [ '1.0.2' ],
438 silly audit   'concat-map': [ '0.0.1' ],
438 silly audit   'ee-first': [ '1.1.1' ],
438 silly audit   forwarded: [ '0.2.0' ],
438 silly audit   'ipaddr.js': [ '1.9.1' ],
438 silly audit   'side-channel': [ '1.0.6' ],
438 silly audit   mime: [ '1.6.0' ],
438 silly audit   'call-bind': [ '1.0.7' ],
438 silly audit   'es-errors': [ '1.3.0' ],
438 silly audit   'get-intrinsic': [ '1.2.4' ],
438 silly audit   'object-inspect': [ '1.13.2' ],
438 silly audit   'es-define-property': [ '1.0.0' ],
438 silly audit   'function-bind': [ '1.1.2' ],
438 silly audit   'set-function-length': [ '1.2.2' ],
438 silly audit   'has-proto': [ '1.0.3' ],
438 silly audit   'has-symbols': [ '1.0.3' ],
438 silly audit   hasown: [ '2.0.2' ],
438 silly audit   'define-data-property': [ '1.1.4' ],
438 silly audit   gopd: [ '1.0.1' ],
438 silly audit   'has-property-descriptors': [ '1.0.2' ],
438 silly audit   'has-flag': [ '3.0.0' ],
438 silly audit   'is-number': [ '7.0.0' ],
438 silly audit   'media-typer': [ '0.3.0' ]
438 silly audit }
439 verbose reify failed optional dependency /root/ecommerce-app/backend/node_modules/fsevents
440 silly reify mark deleted [ '/root/ecommerce-app/backend/node_modules/fsevents' ]
441 timing reifyNode:node_modules/fsevents Completed in 31ms
442 silly tarball no local data for simple-update-notifier@https://registry.npmjs.org/simple-update-notifier/-/simple-update-notifier-1.1.0.tgz. Extracting by manifest.
443 silly tarball no local data for undefsafe@https://registry.npmjs.org/undefsafe/-/undefsafe-2.0.5.tgz. Extracting by manifest.
444 silly tarball no local data for pstree.remy@https://registry.npmjs.org/pstree.remy/-/pstree.remy-1.1.8.tgz. Extracting by manifest.
445 silly tarball no local data for ignore-by-default@https://registry.npmjs.org/ignore-by-default/-/ignore-by-default-1.0.1.tgz. Extracting by manifest.
446 silly tarball no local data for touch@https://registry.npmjs.org/touch/-/touch-3.1.1.tgz. Extracting by manifest.
447 silly tarball no local data for semver@https://registry.npmjs.org/semver/-/semver-7.0.0.tgz. Extracting by manifest.
448 silly tarball no local data for nodemon@https://registry.npmjs.org/nodemon/-/nodemon-2.0.22.tgz. Extracting by manifest.
449 http fetch POST 200 https://registry.npmjs.org/-/npm/v1/security/advisories/bulk 262ms
450 timing auditReport:getReport Completed in 266ms
451 silly audit report {
451 silly audit report   semver: [
451 silly audit report     {
451 silly audit report       id: 1098562,
451 silly audit report       url: 'https://github.com/advisories/GHSA-c2qf-rxjj-qqgw',
451 silly audit report       title: 'semver vulnerable to Regular Expression Denial of Service',
451 silly audit report       severity: 'high',
451 silly audit report       vulnerable_versions: '>=7.0.0 <7.5.2',
451 silly audit report       cwe: [Array],
451 silly audit report       cvss: [Object]
451 silly audit report     }
451 silly audit report   ]
451 silly audit report }
452 timing metavuln:packument:semver Completed in 0ms
453 timing reifyNode:node_modules/is-number Completed in 305ms
454 timing reifyNode:node_modules/ee-first Completed in 304ms
455 timing reifyNode:node_modules/brace-expansion Completed in 304ms
456 timing reifyNode:node_modules/is-extglob Completed in 305ms
457 timing reifyNode:node_modules/nodemon/node_modules/ms Completed in 301ms
458 timing reifyNode:node_modules/media-typer Completed in 307ms
459 timing reifyNode:node_modules/normalize-path Completed in 304ms
460 timing reifyNode:node_modules/path-to-regexp Completed in 302ms
461 timing reifyNode:node_modules/send/node_modules/ms Completed in 304ms
462 timing reifyNode:node_modules/destroy Completed in 305ms
463 timing reifyNode:node_modules/escape-html Completed in 304ms
464 timing reifyNode:node_modules/encodeurl Completed in 304ms
465 timing reifyNode:node_modules/forwarded Completed in 312ms
466 timing reifyNode:node_modules/to-regex-range Completed in 312ms
467 timing reifyNode:node_modules/fill-range Completed in 310ms
468 timing reifyNode:node_modules/is-glob Completed in 310ms
469 timing reifyNode:node_modules/has-flag Completed in 314ms
470 timing reifyNode:node_modules/ms Completed in 309ms
471 timing reifyNode:node_modules/array-flatten Completed in 308ms
472 timing reifyNode:node_modules/content-type Completed in 308ms
473 timing reifyNode:node_modules/accepts Completed in 309ms
474 timing reifyNode:node_modules/send/node_modules/encodeurl Completed in 310ms
475 timing reifyNode:node_modules/glob-parent Completed in 311ms
476 timing reifyNode:node_modules/is-binary-path Completed in 311ms
477 timing reifyNode:node_modules/toidentifier Completed in 310ms
478 timing reifyNode:node_modules/inherits Completed in 310ms
479 timing reifyNode:node_modules/supports-color Completed in 311ms
480 timing reifyNode:node_modules/anymatch Completed in 311ms
481 timing reifyNode:node_modules/unpipe Completed in 310ms
482 timing reifyNode:node_modules/bytes Completed in 310ms
483 timing reifyNode:node_modules/vary Completed in 310ms
484 timing reifyNode:node_modules/type-is Completed in 313ms
485 timing reifyNode:node_modules/range-parser Completed in 314ms
486 timing reifyNode:node_modules/merge-descriptors Completed in 313ms
487 timing reifyNode:node_modules/parseurl Completed in 313ms
488 timing reifyNode:node_modules/methods Completed in 313ms
489 timing reifyNode:node_modules/http-errors Completed in 313ms
490 timing reifyNode:node_modules/fresh Completed in 313ms
491 timing reifyNode:node_modules/etag Completed in 313ms
492 timing reifyNode:node_modules/cookie-signature Completed in 313ms
493 timing reifyNode:node_modules/utils-merge Completed in 314ms
494 timing reifyNode:node_modules/balanced-match Completed in 317ms
495 timing reifyNode:node_modules/proxy-addr Completed in 318ms
496 timing reifyNode:node_modules/on-finished Completed in 317ms
497 timing reifyNode:node_modules/readdirp Completed in 320ms
498 timing reifyNode:node_modules/content-disposition Completed in 320ms
499 timing reifyNode:node_modules/minimatch Completed in 321ms
500 timing reifyNode:node_modules/binary-extensions Completed in 325ms
501 timing reifyNode:node_modules/mime-types Completed in 323ms
502 timing reifyNode:node_modules/statuses Completed in 323ms
503 timing reifyNode:node_modules/setprototypeof Completed in 326ms
504 timing reifyNode:node_modules/serve-static Completed in 326ms
505 timing metavuln:cache:get:security-advisory:semver:opCi/aWaSKqONMYnfnFEDkv8YHQsLRfA3enlX2IHlHYfFwv+CTH+ItWyYx1Vqalh3HK+Lk+xMxcq/HjPXMZwBQ== Completed in 75ms
506 timing metavuln:load:security-advisory:semver:1098562 Completed in 1ms
507 timing metavuln:calculate:security-advisory:semver:1098562 Completed in 77ms
508 timing metavuln:packument:simple-update-notifier Completed in 0ms
509 timing reifyNode:node_modules/cookie Completed in 335ms
510 timing reifyNode:node_modules/safe-buffer Completed in 339ms
511 timing reifyNode:node_modules/finalhandler Completed in 338ms
512 timing metavuln:cache:get:security-advisory:simple-update-notifier:VmVhQImG+QKVWnlNW5yp1zHUOx/ZRnbSImuBAMs3JcawiSqH/9EH24+HabREtz3rIxJpMx8t/03D1fhp2B5M3g== Completed in 7ms
513 timing metavuln:load:security-advisory:simple-update-notifier:opCi/aWaSKqONMYnfnFEDkv8YHQsLRfA3enlX2IHlHYfFwv+CTH+ItWyYx1Vqalh3HK+Lk+xMxcq/HjPXMZwBQ== Completed in 4ms
514 timing reifyNode:node_modules/gopd Completed in 351ms
515 timing reifyNode:node_modules/raw-body Completed in 346ms
516 http fetch GET 200 https://registry.npmjs.org/ignore-by-default/-/ignore-by-default-1.0.1.tgz 290ms (cache miss)
517 timing reifyNode:node_modules/ignore-by-default Completed in 347ms
518 timing reifyNode:node_modules/concat-map Completed in 350ms
519 timing reifyNode:node_modules/depd Completed in 349ms
520 timing reifyNode:node_modules/safer-buffer Completed in 351ms
521 timing reifyNode:node_modules/hasown Completed in 356ms
522 timing reifyNode:node_modules/ipaddr.js Completed in 356ms
523 http fetch GET 200 https://registry.npmjs.org/touch/-/touch-3.1.1.tgz 296ms (cache miss)
524 timing reifyNode:node_modules/semver Completed in 363ms
525 timing reifyNode:node_modules/has-property-descriptors Completed in 367ms
526 http fetch GET 200 https://registry.npmjs.org/undefsafe/-/undefsafe-2.0.5.tgz 309ms (cache miss)
527 timing reifyNode:node_modules/touch Completed in 364ms
528 timing reifyNode:node_modules/send Completed in 363ms
529 timing reifyNode:node_modules/es-define-property Completed in 366ms
530 timing reifyNode:node_modules/negotiator Completed in 366ms
531 timing reifyNode:node_modules/has-proto Completed in 371ms
532 timing reifyNode:node_modules/call-bind Completed in 371ms
533 timing reifyNode:node_modules/get-intrinsic Completed in 374ms
534 timing reifyNode:node_modules/set-function-length Completed in 375ms
535 timing reifyNode:node_modules/mime Completed in 376ms
536 timing reifyNode:node_modules/undefsafe Completed in 374ms
537 timing reifyNode:node_modules/braces Completed in 380ms
538 timing reifyNode:node_modules/define-data-property Completed in 385ms
539 timing reifyNode:node_modules/nodemon/node_modules/debug Completed in 380ms
540 timing reifyNode:node_modules/side-channel Completed in 385ms
541 timing reifyNode:node_modules/function-bind Completed in 386ms
542 timing reifyNode:node_modules/picomatch Completed in 384ms
543 http fetch GET 200 https://registry.npmjs.org/pstree.remy/-/pstree.remy-1.1.8.tgz 329ms (cache miss)
544 timing reifyNode:node_modules/chokidar Completed in 385ms
545 timing reifyNode:node_modules/has-symbols Completed in 389ms
546 timing reifyNode:node_modules/mime-db Completed in 386ms
547 timing metavuln:cache:put:security-advisory:simple-update-notifier:VmVhQImG+QKVWnlNW5yp1zHUOx/ZRnbSImuBAMs3JcawiSqH/9EH24+HabREtz3rIxJpMx8t/03D1fhp2B5M3g== Completed in 41ms
548 timing metavuln:calculate:security-advisory:simple-update-notifier:opCi/aWaSKqONMYnfnFEDkv8YHQsLRfA3enlX2IHlHYfFwv+CTH+ItWyYx1Vqalh3HK+Lk+xMxcq/HjPXMZwBQ== Completed in 52ms
549 timing metavuln:packument:nodemon Completed in 0ms
550 timing reifyNode:node_modules/body-parser Completed in 386ms
551 timing reifyNode:node_modules/pstree.remy Completed in 387ms
552 timing reifyNode:node_modules/debug Completed in 387ms
553 timing metavuln:cache:get:security-advisory:nodemon:QLv4lSAXpjFCJWcxn62LXZBl2eGhPvRpDtR6QR8NeFbYMFAB6KJai0RLKmdAWEQtbhYMK4zPcknO4Sf0QOu7UQ== Completed in 2ms
554 timing metavuln:load:security-advisory:nodemon:VmVhQImG+QKVWnlNW5yp1zHUOx/ZRnbSImuBAMs3JcawiSqH/9EH24+HabREtz3rIxJpMx8t/03D1fhp2B5M3g== Completed in 14ms
555 http fetch GET 200 https://registry.npmjs.org/simple-update-notifier/-/simple-update-notifier-1.1.0.tgz 350ms (cache miss)
556 timing reifyNode:node_modules/simple-update-notifier Completed in 407ms
557 timing reifyNode:node_modules/es-errors Completed in 409ms
558 timing metavuln:cache:put:security-advisory:nodemon:QLv4lSAXpjFCJWcxn62LXZBl2eGhPvRpDtR6QR8NeFbYMFAB6KJai0RLKmdAWEQtbhYMK4zPcknO4Sf0QOu7UQ== Completed in 10ms
559 timing metavuln:calculate:security-advisory:nodemon:VmVhQImG+QKVWnlNW5yp1zHUOx/ZRnbSImuBAMs3JcawiSqH/9EH24+HabREtz3rIxJpMx8t/03D1fhp2B5M3g== Completed in 26ms
560 timing auditReport:init Completed in 158ms
561 timing reify:audit Completed in 425ms
562 timing reifyNode:node_modules/express Completed in 417ms
563 timing reifyNode:node_modules/object-inspect Completed in 428ms
564 timing reifyNode:node_modules/qs Completed in 425ms
565 timing reifyNode:node_modules/iconv-lite Completed in 428ms
566 http fetch GET 200 https://registry.npmjs.org/semver/-/semver-7.0.0.tgz 380ms (cache miss)
567 timing reifyNode:node_modules/simple-update-notifier/node_modules/semver Completed in 443ms
568 http fetch GET 200 https://registry.npmjs.org/nodemon/-/nodemon-2.0.22.tgz 386ms (cache miss)
569 timing reifyNode:node_modules/nodemon Completed in 449ms
570 timing reify:unpack Completed in 455ms
571 timing reify:unretire Completed in 0ms
572 timing build:queue Completed in 3ms
573 timing build:link:node_modules/mime Completed in 3ms
574 timing build:link:node_modules/simple-update-notifier/node_modules/semver Completed in 2ms
575 timing build:link:node_modules/nodemon Completed in 3ms
576 timing build:link:node_modules/semver Completed in 2ms
577 timing build:link:node_modules/touch Completed in 2ms
578 timing build:link Completed in 3ms
579 timing build:deps Completed in 7ms
580 timing build Completed in 8ms
581 timing reify:build Completed in 8ms
582 timing reify:trash Completed in 1ms
583 timing reify:save Completed in 35ms
584 timing reify Completed in 1785ms
585 silly ADD node_modules/media-typer
586 silly ADD node_modules/is-number
587 silly ADD node_modules/has-flag
588 silly ADD node_modules/has-property-descriptors
589 silly ADD node_modules/gopd
590 silly ADD node_modules/define-data-property
591 silly ADD node_modules/hasown
592 silly ADD node_modules/has-symbols
593 silly ADD node_modules/has-proto
594 silly ADD node_modules/set-function-length
595 silly ADD node_modules/function-bind
596 silly ADD node_modules/es-define-property
597 silly ADD node_modules/object-inspect
598 silly ADD node_modules/get-intrinsic
599 silly ADD node_modules/es-errors
600 silly ADD node_modules/call-bind
601 silly ADD node_modules/mime
602 silly ADD node_modules/side-channel
603 silly ADD node_modules/ipaddr.js
604 silly ADD node_modules/forwarded
605 silly ADD node_modules/ee-first
606 silly ADD node_modules/concat-map
607 silly ADD node_modules/balanced-match
608 silly ADD node_modules/brace-expansion
609 silly ADD node_modules/is-extglob
610 silly ADD node_modules/binary-extensions
611 silly ADD node_modules/to-regex-range
612 silly ADD node_modules/fill-range
613 silly ADD node_modules/picomatch
614 silly ADD node_modules/readdirp
615 silly ADD node_modules/normalize-path
616 silly ADD node_modules/is-glob
617 silly ADD node_modules/is-binary-path
618 silly ADD node_modules/glob-parent
619 silly ADD
620 silly ADD node_modules/braces
621 silly ADD node_modules/anymatch
622 silly ADD node_modules/undefsafe
623 silly ADD node_modules/touch
624 silly ADD node_modules/supports-color
625 silly ADD node_modules/simple-update-notifier
626 silly ADD node_modules/simple-update-notifier/node_modules/semver
627 silly ADD node_modules/semver
628 silly ADD node_modules/pstree.remy
629 silly ADD node_modules/minimatch
630 silly ADD node_modules/ignore-by-default
631 silly ADD node_modules/chokidar
632 silly ADD node_modules/mime-db
633 silly ADD node_modules/safer-buffer
634 silly ADD node_modules/toidentifier
635 silly ADD node_modules/inherits
636 silly ADD node_modules/ms
637 silly ADD node_modules/unpipe
638 silly ADD node_modules/raw-body
639 silly ADD node_modules/iconv-lite
640 silly ADD node_modules/destroy
641 silly ADD node_modules/bytes
642 silly ADD node_modules/negotiator
643 silly ADD node_modules/mime-types
644 silly ADD node_modules/vary
645 silly ADD node_modules/utils-merge
646 silly ADD node_modules/type-is
647 silly ADD node_modules/statuses
648 silly ADD node_modules/setprototypeof
649 silly ADD node_modules/serve-static
650 silly ADD node_modules/send
651 silly ADD node_modules/send/node_modules/ms
652 silly ADD node_modules/send/node_modules/encodeurl
653 silly ADD node_modules/safe-buffer
654 silly ADD node_modules/range-parser
655 silly ADD node_modules/qs
656 silly ADD node_modules/proxy-addr
657 silly ADD node_modules/path-to-regexp
658 silly ADD node_modules/parseurl
659 silly ADD node_modules/on-finished
660 silly ADD node_modules/methods
661 silly ADD node_modules/merge-descriptors
662 silly ADD node_modules/http-errors
663 silly ADD node_modules/fresh
664 silly ADD node_modules/finalhandler
665 silly ADD node_modules/etag
666 silly ADD node_modules/escape-html
667 silly ADD node_modules/encodeurl
668 silly ADD node_modules/depd
669 silly ADD node_modules/debug
670 silly ADD node_modules/cookie-signature
671 silly ADD node_modules/cookie
672 silly ADD node_modules/content-type
673 silly ADD node_modules/content-disposition
674 silly ADD node_modules/body-parser
675 silly ADD node_modules/array-flatten
676 silly ADD node_modules/accepts
677 silly ADD node_modules/nodemon
678 silly ADD node_modules/nodemon/node_modules/ms
679 silly ADD node_modules/nodemon/node_modules/debug
680 silly ADD node_modules/express
681 timing command:install Completed in 1802ms
682 verbose exit 0
683 timing npm Completed in 1848ms
684 info ok
